2025-03-02 21:43:58 [info]: Server running on port 1337 {
  "service": "nft-service"
}
2025-03-02 22:02:01 [info]: Server running on port 1337 {
  "service": "nft-service"
}
2025-03-02 22:02:04 [info]: Server running on port 1337 {
  "service": "nft-service"
}
2025-03-02 22:02:58 [info]: Server running on port 1337 {
  "service": "nft-service"
}
2025-03-02 22:04:21 [info]: Server running on port 1337 {
  "service": "nft-service"
}
2025-03-02 22:04:50 [info]: Server running on port 1337 {
  "service": "nft-service"
}
2025-03-02 22:05:52 [info]: Server running on port 1337 {
  "service": "nft-service"
}
2025-03-02 22:06:05 [info]: Server running on port 1337 {
  "service": "nft-service"
}
2025-03-02 22:06:28 [info]: Server running on port 1337 {
  "service": "nft-service"
}
2025-03-02 22:06:34 [info]: Server running on port 1337 {
  "service": "nft-service"
}
2025-03-02 22:06:45 [info]: Server running on port 1337 {
  "service": "nft-service"
}
2025-03-02 22:07:31 [info]: Server running on port 1337 {
  "service": "nft-service"
}
2025-03-02 22:07:48 [info]: Server running on port 1337 {
  "service": "nft-service"
}
2025-03-02 22:45:20 [info]: Server running on port 1337 {
  "service": "nft-service"
}
2025-03-02 22:45:22 [info]: Server running on port 1337 {
  "service": "nft-service"
}
2025-03-02 22:45:58 [info]: Server running on port 1337 {
  "service": "nft-service"
}
2025-03-02 22:46:00 [info]: Server running on port 1337 {
  "service": "nft-service"
}
2025-03-02 22:46:13 [info]: Server running on port 1337 {
  "service": "nft-service"
}
2025-03-02 22:46:58 [info]: Server running on port 1337 {
  "service": "nft-service"
}
2025-03-02 22:47:03 [info]: Server running on port 1337 {
  "service": "nft-service"
}
2025-03-02 22:51:24 [info]: Server running on port 1337 {
  "service": "nft-service"
}
2025-03-02 22:51:55 [info]: Server running on port 1337 {
  "service": "nft-service"
}
2025-03-02 22:51:56 [info]: Server running on port 1337 {
  "service": "nft-service"
}
2025-03-02 22:52:15 [info]: Server running on port 1337 {
  "service": "nft-service"
}
2025-03-02 22:52:17 [info]: Server running on port 1337 {
  "service": "nft-service"
}
2025-03-02 22:53:53 [info]: Server running on port 1337 {
  "service": "nft-service"
}
2025-03-02 22:54:44 [info]: Server running on port 1337 {
  "service": "nft-service"
}
2025-03-02 22:58:06 [info]: Server running on port 1337 {
  "service": "nft-service"
}
2025-03-02 23:01:01 [info]: Server running on port 1337 {
  "service": "nft-service"
}
2025-03-02 23:02:41 [info]: Server running on port 1337 {
  "service": "nft-service"
}
2025-03-02 23:07:34 [info]: Server running on port 1337 {
  "service": "nft-service"
}
2025-03-02 23:07:55 [info]: Server running on port 1337 {
  "service": "nft-service"
}
2025-03-02 23:13:02 [info]: Server running on port 1337 {
  "service": "nft-service"
}
2025-03-02 23:16:28 [info]: Server running on port 1337 {
  "service": "nft-service"
}
2025-03-02 23:26:47 [info]: Server running on port 1337 {
  "service": "nft-service"
}
2025-03-02 23:28:23 [error]: Error fetching example: ENOENT: no such file or directory, open '/Users/cinax/Desktop/genartzcom/web-app/generator/src/examples/p5.example.js' {
  "service": "nft-service"
}
2025-03-02 23:28:23 [error]: Error fetching example: ENOENT: no such file or directory, open '/Users/cinax/Desktop/genartzcom/web-app/generator/src/examples/p5.example.js' {
  "service": "nft-service"
}
2025-03-02 23:28:23 [error]: Error fetching example: ENOENT: no such file or directory, open '/Users/cinax/Desktop/genartzcom/web-app/generator/src/examples/p5.example.js' {
  "service": "nft-service"
}
2025-03-02 23:28:24 [error]: Error fetching example: ENOENT: no such file or directory, open '/Users/cinax/Desktop/genartzcom/web-app/generator/src/examples/p5.example.js' {
  "service": "nft-service"
}
2025-03-02 23:28:24 [error]: Error fetching example: ENOENT: no such file or directory, open '/Users/cinax/Desktop/genartzcom/web-app/generator/src/examples/p5.example.js' {
  "service": "nft-service"
}
2025-03-02 23:28:44 [info]: Server running on port 1337 {
  "service": "nft-service"
}
2025-03-02 23:35:40 [info]: Server running on port 1337 {
  "service": "nft-service"
}
2025-03-03 01:00:12 [info]: Server running on port 1337 {
  "service": "nft-service"
}
2025-03-03 01:00:41 [info]: Server running on port 1337 {
  "service": "nft-service"
}
2025-03-03 02:43:00 [info]: Server running on port 1337 {
  "service": "nft-service"
}
2025-03-03 02:43:17 [info]: Server running on port 1337 {
  "service": "nft-service"
}
2025-03-03 02:43:37 [info]: Server running on port 1337 {
  "service": "nft-service"
}
2025-03-03 02:43:50 [info]: Server running on port 1337 {
  "service": "nft-service"
}
2025-03-03 05:16:27 [info]: Server running on port 1337 {
  "service": "nft-service"
}
2025-03-03 05:34:30 [info]: Server running on port 1337 {
  "service": "nft-service"
}
2025-03-03 06:14:59 [info]: Server running on port 1337 {
  "service": "nft-service"
}
2025-03-03 06:37:24 [info]: Server running on port 1337 {
  "service": "nft-service"
}
2025-03-03 06:53:47 [info]: Server running on port 1337 {
  "service": "nft-service"
}
2025-03-03 07:02:09 [info]: Server running on port 1337 {
  "service": "nft-service"
}
2025-03-03 07:39:11 [info]: Server running on port 1337 {
  "service": "nft-service"
}
2025-03-03 07:39:39 [info]: Server running on port 1337 {
  "service": "nft-service"
}
2025-03-03 07:40:05 [info]: Server running on port 1337 {
  "service": "nft-service"
}
2025-03-03 07:41:16 [info]: Server running on port 1337 {
  "service": "nft-service"
}
2025-03-03 07:41:43 [info]: Server running on port 1337 {
  "service": "nft-service"
}
2025-03-03 07:42:45 [info]: Server running on port 1337 {
  "service": "nft-service"
}
2025-03-03 07:45:14 [info]: Server running on port 1337 {
  "service": "nft-service"
}
2025-03-03 07:49:58 [info]: Server running on port 1337 {
  "service": "nft-service"
}
2025-03-03 07:51:12 [info]: Server running on port 1337 {
  "service": "nft-service"
}
2025-03-03 07:51:36 [info]: Server running on port 1337 {
  "service": "nft-service"
}
2025-03-03 07:56:47 [info]: Server running on port 1337 {
  "service": "nft-service"
}
2025-03-03 10:19:39 [error]: Precompilation error: Compilation errors: [
  {
    "component": "general",
    "errorCode": "7407",
    "formattedMessage": "TypeError: Type int_const 0 is not implicitly convertible to expected type address.\n  --> contract.sol:23:33:\n   |\n23 | address private constant Test = 0x0;\n   |                                 ^^^\n\n",
    "message": "Type int_const 0 is not implicitly convertible to expected type address.",
    "severity": "error",
    "sourceLocation": {
      "end": 1171,
      "file": "contract.sol",
      "start": 1168
    },
    "type": "TypeError"
  }
] {
  "service": "nft-service"
}
2025-03-03 10:19:39 [error]: Error: Compilation errors: [
  {
    "component": "general",
    "errorCode": "7407",
    "formattedMessage": "TypeError: Type int_const 0 is not implicitly convertible to expected type address.\n  --> contract.sol:23:33:\n   |\n23 | address private constant Test = 0x0;\n   |                                 ^^^\n\n",
    "message": "Type int_const 0 is not implicitly convertible to expected type address.",
    "severity": "error",
    "sourceLocation": {
      "end": 1171,
      "file": "contract.sol",
      "start": 1168
    },
    "type": "TypeError"
  }
] {
  "service": "nft-service"
}
2025-03-03 10:22:45 [info]: Server running on port 1337 {
  "service": "nft-service"
}
2025-03-03 10:22:50 [error]: Precompilation error: Compilation errors: [
  {
    "component": "general",
    "errorCode": "7407",
    "formattedMessage": "TypeError: Type int_const 0 is not implicitly convertible to expected type address.\n  --> contract.sol:23:33:\n   |\n23 | address private constant Test = 0x0;\n   |                                 ^^^\n\n",
    "message": "Type int_const 0 is not implicitly convertible to expected type address.",
    "severity": "error",
    "sourceLocation": {
      "end": 1171,
      "file": "contract.sol",
      "start": 1168
    },
    "type": "TypeError"
  }
] {
  "service": "nft-service"
}
2025-03-03 10:22:50 [error]: Error: Compilation errors: [
  {
    "component": "general",
    "errorCode": "7407",
    "formattedMessage": "TypeError: Type int_const 0 is not implicitly convertible to expected type address.\n  --> contract.sol:23:33:\n   |\n23 | address private constant Test = 0x0;\n   |                                 ^^^\n\n",
    "message": "Type int_const 0 is not implicitly convertible to expected type address.",
    "severity": "error",
    "sourceLocation": {
      "end": 1171,
      "file": "contract.sol",
      "start": 1168
    },
    "type": "TypeError"
  }
] {
  "service": "nft-service"
}
2025-03-03 10:23:23 [info]: Server running on port 1337 {
  "service": "nft-service"
}
2025-03-03 10:23:41 [error]: Precompilation error: Compilation errors: [
  {
    "component": "general",
    "errorCode": "7407",
    "formattedMessage": "TypeError: Type int_const 0 is not implicitly convertible to expected type address.\n  --> contract.sol:23:33:\n   |\n23 | address private constant Test = 0x0;\n   |                                 ^^^\n\n",
    "message": "Type int_const 0 is not implicitly convertible to expected type address.",
    "severity": "error",
    "sourceLocation": {
      "end": 1171,
      "file": "contract.sol",
      "start": 1168
    },
    "type": "TypeError"
  }
] {
  "service": "nft-service"
}
2025-03-03 10:23:41 [error]: Error: Compilation errors: [
  {
    "component": "general",
    "errorCode": "7407",
    "formattedMessage": "TypeError: Type int_const 0 is not implicitly convertible to expected type address.\n  --> contract.sol:23:33:\n   |\n23 | address private constant Test = 0x0;\n   |                                 ^^^\n\n",
    "message": "Type int_const 0 is not implicitly convertible to expected type address.",
    "severity": "error",
    "sourceLocation": {
      "end": 1171,
      "file": "contract.sol",
      "start": 1168
    },
    "type": "TypeError"
  }
] {
  "service": "nft-service"
}
2025-03-03 10:24:03 [info]: Server running on port 1337 {
  "service": "nft-service"
}
2025-03-03 10:24:25 [error]: Precompilation error: Compilation errors: [
  {
    "component": "general",
    "errorCode": "7407",
    "formattedMessage": "TypeError: Type int_const 0 is not implicitly convertible to expected type address.\n  --> contract.sol:23:33:\n   |\n23 | address private constant Test = 0x0;\n   |                                 ^^^\n\n",
    "message": "Type int_const 0 is not implicitly convertible to expected type address.",
    "severity": "error",
    "sourceLocation": {
      "end": 1171,
      "file": "contract.sol",
      "start": 1168
    },
    "type": "TypeError"
  }
] {
  "service": "nft-service"
}
2025-03-03 10:24:25 [error]: Error: Compilation errors: [
  {
    "component": "general",
    "errorCode": "7407",
    "formattedMessage": "TypeError: Type int_const 0 is not implicitly convertible to expected type address.\n  --> contract.sol:23:33:\n   |\n23 | address private constant Test = 0x0;\n   |                                 ^^^\n\n",
    "message": "Type int_const 0 is not implicitly convertible to expected type address.",
    "severity": "error",
    "sourceLocation": {
      "end": 1171,
      "file": "contract.sol",
      "start": 1168
    },
    "type": "TypeError"
  }
] {
  "service": "nft-service"
}
2025-03-03 10:31:02 [info]: Server running on port 1337 {
  "service": "nft-service"
}
2025-03-03 10:39:13 [info]: Server running on port 1337 {
  "service": "nft-service"
}
2025-03-03 10:39:19 [error]: Precompilation error: Compilation errors: [
  {
    "component": "general",
    "errorCode": "6275",
    "formattedMessage": "ParserError: Source \"node_modules/@forma-dev/sdk/contracts/metadata/ContractMetadata.sol\" not found: Callback not supported.\n --> contract.sol:2:1:\n  |\n2 | import {ContractMetadata} from \"@forma-dev/sdk/contracts/metadata/ContractMetadata.sol\";\n  | ^^^^^^^^^^^^^^^^^^^^^^^^^^^^^^^^^^^^^^^^^^^^^^^^^^^^^^^^^^^^^^^^^^^^^^^^^^^^^^^^^^^^^^^^\n\n",
    "message": "Source \"node_modules/@forma-dev/sdk/contracts/metadata/ContractMetadata.sol\" not found: Callback not supported.",
    "severity": "error",
    "sourceLocation": {
      "end": 113,
      "file": "contract.sol",
      "start": 25
    },
    "type": "ParserError"
  },
  {
    "component": "general",
    "errorCode": "6275",
    "formattedMessage": "ParserError: Source \"node_modules/@forma-dev/sdk/contracts/token/ERC721/ERC721Cementable.sol\" not found: Callback not supported.\n --> contract.sol:3:1:\n  |\n3 | import {ERC721Cementable} from \"@forma-dev/sdk/contracts/token/ERC721/ERC721Cementable.sol\";\n  | ^^^^^^^^^^^^^^^^^^^^^^^^^^^^^^^^^^^^^^^^^^^^^^^^^^^^^^^^^^^^^^^^^^^^^^^^^^^^^^^^^^^^^^^^^^^^\n\n",
    "message": "Source \"node_modules/@forma-dev/sdk/contracts/token/ERC721/ERC721Cementable.sol\" not found: Callback not supported.",
    "severity": "error",
    "sourceLocation": {
      "end": 206,
      "file": "contract.sol",
      "start": 114
    },
    "type": "ParserError"
  },
  {
    "component": "general",
    "errorCode": "6275",
    "formattedMessage": "ParserError: Source \"node_modules/@openzeppelin/contracts/access/Ownable2Step.sol\" not found: Callback not supported.\n --> contract.sol:4:1:\n  |\n4 | import {Ownable, Ownable2Step} from \"@openzeppelin/contracts/access/Ownable2Step.sol\";\n  | ^^^^^^^^^^^^^^^^^^^^^^^^^^^^^^^^^^^^^^^^^^^^^^^^^^^^^^^^^^^^^^^^^^^^^^^^^^^^^^^^^^^^^^\n\n",
    "message": "Source \"node_modules/@openzeppelin/contracts/access/Ownable2Step.sol\" not found: Callback not supported.",
    "severity": "error",
    "sourceLocation": {
      "end": 293,
      "file": "contract.sol",
      "start": 207
    },
    "type": "ParserError"
  },
  {
    "component": "general",
    "errorCode": "6275",
    "formattedMessage": "ParserError: Source \"node_modules/@openzeppelin/contracts/token/ERC721/ERC721.sol\" not found: Callback not supported.\n --> contract.sol:5:1:\n  |\n5 | import {ERC721 as ERC721OpenZeppelin} from \"@openzeppelin/contracts/token/ERC721/ERC721.sol\";\n  | ^^^^^^^^^^^^^^^^^^^^^^^^^^^^^^^^^^^^^^^^^^^^^^^^^^^^^^^^^^^^^^^^^^^^^^^^^^^^^^^^^^^^^^^^^^^^^\n\n",
    "message": "Source \"node_modules/@openzeppelin/contracts/token/ERC721/ERC721.sol\" not found: Callback not supported.",
    "severity": "error",
    "sourceLocation": {
      "end": 387,
      "file": "contract.sol",
      "start": 294
    },
    "type": "ParserError"
  },
  {
    "component": "general",
    "errorCode": "6275",
    "formattedMessage": "ParserError: Source \"node_modules/@openzeppelin/contracts/token/ERC721/IERC721.sol\" not found: Callback not supported.\n --> contract.sol:6:1:\n  |\n6 | import {IERC721} from \"@openzeppelin/contracts/token/ERC721/IERC721.sol\";\n  | ^^^^^^^^^^^^^^^^^^^^^^^^^^^^^^^^^^^^^^^^^^^^^^^^^^^^^^^^^^^^^^^^^^^^^^^^^\n\n",
    "message": "Source \"node_modules/@openzeppelin/contracts/token/ERC721/IERC721.sol\" not found: Callback not supported.",
    "severity": "error",
    "sourceLocation": {
      "end": 461,
      "file": "contract.sol",
      "start": 388
    },
    "type": "ParserError"
  },
  {
    "component": "general",
    "errorCode": "6275",
    "formattedMessage": "ParserError: Source \"node_modules/@forma-dev/sdk/contracts/metadata/TokenMetadataReader.sol\" not found: Callback not supported.\n --> contract.sol:7:1:\n  |\n7 | import {TokenMetadataReader} from \"@forma-dev/sdk/contracts/metadata/TokenMetadataReader.sol\";\n  | ^^^^^^^^^^^^^^^^^^^^^^^^^^^^^^^^^^^^^^^^^^^^^^^^^^^^^^^^^^^^^^^^^^^^^^^^^^^^^^^^^^^^^^^^^^^^^^\n\n",
    "message": "Source \"node_modules/@forma-dev/sdk/contracts/metadata/TokenMetadataReader.sol\" not found: Callback not supported.",
    "severity": "error",
    "sourceLocation": {
      "end": 556,
      "file": "contract.sol",
      "start": 462
    },
    "type": "ParserError"
  },
  {
    "component": "general",
    "errorCode": "6275",
    "formattedMessage": "ParserError: Source \"node_modules/@forma-dev/sdk/contracts/metadata/TokenMetadataEditor.sol\" not found: Callback not supported.\n --> contract.sol:8:1:\n  |\n8 | import {TokenMetadataEditor} from \"@forma-dev/sdk/contracts/metadata/TokenMetadataEditor.sol\";\n  | ^^^^^^^^^^^^^^^^^^^^^^^^^^^^^^^^^^^^^^^^^^^^^^^^^^^^^^^^^^^^^^^^^^^^^^^^^^^^^^^^^^^^^^^^^^^^^^\n\n",
    "message": "Source \"node_modules/@forma-dev/sdk/contracts/metadata/TokenMetadataEditor.sol\" not found: Callback not supported.",
    "severity": "error",
    "sourceLocation": {
      "end": 651,
      "file": "contract.sol",
      "start": 557
    },
    "type": "ParserError"
  },
  {
    "component": "general",
    "errorCode": "6275",
    "formattedMessage": "ParserError: Source \"node_modules/@forma-dev/sdk/contracts/utils/Strings.sol\" not found: Callback not supported.\n --> contract.sol:9:1:\n  |\n9 | import {Strings} from \"@forma-dev/sdk/contracts/utils/Strings.sol\";\n  | ^^^^^^^^^^^^^^^^^^^^^^^^^^^^^^^^^^^^^^^^^^^^^^^^^^^^^^^^^^^^^^^^^^^\n\n",
    "message": "Source \"node_modules/@forma-dev/sdk/contracts/utils/Strings.sol\" not found: Callback not supported.",
    "severity": "error",
    "sourceLocation": {
      "end": 719,
      "file": "contract.sol",
      "start": 652
    },
    "type": "ParserError"
  },
  {
    "component": "general",
    "errorCode": "6275",
    "formattedMessage": "ParserError: Source \"node_modules/@forma-dev/sdk/contracts/utils/Base64.sol\" not found: Callback not supported.\n  --> contract.sol:10:1:\n   |\n10 | import {Base64} from \"@forma-dev/sdk/contracts/utils/Base64.sol\";\n   | ^^^^^^^^^^^^^^^^^^^^^^^^^^^^^^^^^^^^^^^^^^^^^^^^^^^^^^^^^^^^^^^^^\n\n",
    "message": "Source \"node_modules/@forma-dev/sdk/contracts/utils/Base64.sol\" not found: Callback not supported.",
    "severity": "error",
    "sourceLocation": {
      "end": 785,
      "file": "contract.sol",
      "start": 720
    },
    "type": "ParserError"
  }
] {
  "service": "nft-service"
}
2025-03-03 10:40:02 [error]: Precompilation error: Compilation errors: [
  {
    "component": "general",
    "errorCode": "6275",
    "formattedMessage": "ParserError: Source \"node_modules/@forma-dev/sdk/contracts/metadata/ContractMetadata.sol\" not found: Callback not supported.\n --> contract.sol:2:1:\n  |\n2 | import {ContractMetadata} from \"@forma-dev/sdk/contracts/metadata/ContractMetadata.sol\";\n  | ^^^^^^^^^^^^^^^^^^^^^^^^^^^^^^^^^^^^^^^^^^^^^^^^^^^^^^^^^^^^^^^^^^^^^^^^^^^^^^^^^^^^^^^^\n\n",
    "message": "Source \"node_modules/@forma-dev/sdk/contracts/metadata/ContractMetadata.sol\" not found: Callback not supported.",
    "severity": "error",
    "sourceLocation": {
      "end": 113,
      "file": "contract.sol",
      "start": 25
    },
    "type": "ParserError"
  },
  {
    "component": "general",
    "errorCode": "6275",
    "formattedMessage": "ParserError: Source \"node_modules/@forma-dev/sdk/contracts/token/ERC721/ERC721Cementable.sol\" not found: Callback not supported.\n --> contract.sol:3:1:\n  |\n3 | import {ERC721Cementable} from \"@forma-dev/sdk/contracts/token/ERC721/ERC721Cementable.sol\";\n  | ^^^^^^^^^^^^^^^^^^^^^^^^^^^^^^^^^^^^^^^^^^^^^^^^^^^^^^^^^^^^^^^^^^^^^^^^^^^^^^^^^^^^^^^^^^^^\n\n",
    "message": "Source \"node_modules/@forma-dev/sdk/contracts/token/ERC721/ERC721Cementable.sol\" not found: Callback not supported.",
    "severity": "error",
    "sourceLocation": {
      "end": 206,
      "file": "contract.sol",
      "start": 114
    },
    "type": "ParserError"
  },
  {
    "component": "general",
    "errorCode": "6275",
    "formattedMessage": "ParserError: Source \"node_modules/@openzeppelin/contracts/access/Ownable2Step.sol\" not found: Callback not supported.\n --> contract.sol:4:1:\n  |\n4 | import {Ownable, Ownable2Step} from \"@openzeppelin/contracts/access/Ownable2Step.sol\";\n  | ^^^^^^^^^^^^^^^^^^^^^^^^^^^^^^^^^^^^^^^^^^^^^^^^^^^^^^^^^^^^^^^^^^^^^^^^^^^^^^^^^^^^^^\n\n",
    "message": "Source \"node_modules/@openzeppelin/contracts/access/Ownable2Step.sol\" not found: Callback not supported.",
    "severity": "error",
    "sourceLocation": {
      "end": 293,
      "file": "contract.sol",
      "start": 207
    },
    "type": "ParserError"
  },
  {
    "component": "general",
    "errorCode": "6275",
    "formattedMessage": "ParserError: Source \"node_modules/@openzeppelin/contracts/token/ERC721/ERC721.sol\" not found: Callback not supported.\n --> contract.sol:5:1:\n  |\n5 | import {ERC721 as ERC721OpenZeppelin} from \"@openzeppelin/contracts/token/ERC721/ERC721.sol\";\n  | ^^^^^^^^^^^^^^^^^^^^^^^^^^^^^^^^^^^^^^^^^^^^^^^^^^^^^^^^^^^^^^^^^^^^^^^^^^^^^^^^^^^^^^^^^^^^^\n\n",
    "message": "Source \"node_modules/@openzeppelin/contracts/token/ERC721/ERC721.sol\" not found: Callback not supported.",
    "severity": "error",
    "sourceLocation": {
      "end": 387,
      "file": "contract.sol",
      "start": 294
    },
    "type": "ParserError"
  },
  {
    "component": "general",
    "errorCode": "6275",
    "formattedMessage": "ParserError: Source \"node_modules/@openzeppelin/contracts/token/ERC721/IERC721.sol\" not found: Callback not supported.\n --> contract.sol:6:1:\n  |\n6 | import {IERC721} from \"@openzeppelin/contracts/token/ERC721/IERC721.sol\";\n  | ^^^^^^^^^^^^^^^^^^^^^^^^^^^^^^^^^^^^^^^^^^^^^^^^^^^^^^^^^^^^^^^^^^^^^^^^^\n\n",
    "message": "Source \"node_modules/@openzeppelin/contracts/token/ERC721/IERC721.sol\" not found: Callback not supported.",
    "severity": "error",
    "sourceLocation": {
      "end": 461,
      "file": "contract.sol",
      "start": 388
    },
    "type": "ParserError"
  },
  {
    "component": "general",
    "errorCode": "6275",
    "formattedMessage": "ParserError: Source \"node_modules/@forma-dev/sdk/contracts/metadata/TokenMetadataReader.sol\" not found: Callback not supported.\n --> contract.sol:7:1:\n  |\n7 | import {TokenMetadataReader} from \"@forma-dev/sdk/contracts/metadata/TokenMetadataReader.sol\";\n  | ^^^^^^^^^^^^^^^^^^^^^^^^^^^^^^^^^^^^^^^^^^^^^^^^^^^^^^^^^^^^^^^^^^^^^^^^^^^^^^^^^^^^^^^^^^^^^^\n\n",
    "message": "Source \"node_modules/@forma-dev/sdk/contracts/metadata/TokenMetadataReader.sol\" not found: Callback not supported.",
    "severity": "error",
    "sourceLocation": {
      "end": 556,
      "file": "contract.sol",
      "start": 462
    },
    "type": "ParserError"
  },
  {
    "component": "general",
    "errorCode": "6275",
    "formattedMessage": "ParserError: Source \"node_modules/@forma-dev/sdk/contracts/metadata/TokenMetadataEditor.sol\" not found: Callback not supported.\n --> contract.sol:8:1:\n  |\n8 | import {TokenMetadataEditor} from \"@forma-dev/sdk/contracts/metadata/TokenMetadataEditor.sol\";\n  | ^^^^^^^^^^^^^^^^^^^^^^^^^^^^^^^^^^^^^^^^^^^^^^^^^^^^^^^^^^^^^^^^^^^^^^^^^^^^^^^^^^^^^^^^^^^^^^\n\n",
    "message": "Source \"node_modules/@forma-dev/sdk/contracts/metadata/TokenMetadataEditor.sol\" not found: Callback not supported.",
    "severity": "error",
    "sourceLocation": {
      "end": 651,
      "file": "contract.sol",
      "start": 557
    },
    "type": "ParserError"
  },
  {
    "component": "general",
    "errorCode": "6275",
    "formattedMessage": "ParserError: Source \"node_modules/@forma-dev/sdk/contracts/utils/Strings.sol\" not found: Callback not supported.\n --> contract.sol:9:1:\n  |\n9 | import {Strings} from \"@forma-dev/sdk/contracts/utils/Strings.sol\";\n  | ^^^^^^^^^^^^^^^^^^^^^^^^^^^^^^^^^^^^^^^^^^^^^^^^^^^^^^^^^^^^^^^^^^^\n\n",
    "message": "Source \"node_modules/@forma-dev/sdk/contracts/utils/Strings.sol\" not found: Callback not supported.",
    "severity": "error",
    "sourceLocation": {
      "end": 719,
      "file": "contract.sol",
      "start": 652
    },
    "type": "ParserError"
  },
  {
    "component": "general",
    "errorCode": "6275",
    "formattedMessage": "ParserError: Source \"node_modules/@forma-dev/sdk/contracts/utils/Base64.sol\" not found: Callback not supported.\n  --> contract.sol:10:1:\n   |\n10 | import {Base64} from \"@forma-dev/sdk/contracts/utils/Base64.sol\";\n   | ^^^^^^^^^^^^^^^^^^^^^^^^^^^^^^^^^^^^^^^^^^^^^^^^^^^^^^^^^^^^^^^^^\n\n",
    "message": "Source \"node_modules/@forma-dev/sdk/contracts/utils/Base64.sol\" not found: Callback not supported.",
    "severity": "error",
    "sourceLocation": {
      "end": 785,
      "file": "contract.sol",
      "start": 720
    },
    "type": "ParserError"
  }
] {
  "service": "nft-service"
}
2025-03-03 10:42:55 [error]: Precompilation error: Compilation errors: [
  {
    "component": "general",
    "errorCode": "6275",
    "formattedMessage": "ParserError: Source \"node_modules/@forma-dev/sdk/contracts/metadata/ContractMetadata.sol\" not found: Callback not supported.\n --> contract.sol:2:1:\n  |\n2 | import {ContractMetadata} from \"@forma-dev/sdk/contracts/metadata/ContractMetadata.sol\";\n  | ^^^^^^^^^^^^^^^^^^^^^^^^^^^^^^^^^^^^^^^^^^^^^^^^^^^^^^^^^^^^^^^^^^^^^^^^^^^^^^^^^^^^^^^^\n\n",
    "message": "Source \"node_modules/@forma-dev/sdk/contracts/metadata/ContractMetadata.sol\" not found: Callback not supported.",
    "severity": "error",
    "sourceLocation": {
      "end": 113,
      "file": "contract.sol",
      "start": 25
    },
    "type": "ParserError"
  },
  {
    "component": "general",
    "errorCode": "6275",
    "formattedMessage": "ParserError: Source \"node_modules/@forma-dev/sdk/contracts/token/ERC721/ERC721Cementable.sol\" not found: Callback not supported.\n --> contract.sol:3:1:\n  |\n3 | import {ERC721Cementable} from \"@forma-dev/sdk/contracts/token/ERC721/ERC721Cementable.sol\";\n  | ^^^^^^^^^^^^^^^^^^^^^^^^^^^^^^^^^^^^^^^^^^^^^^^^^^^^^^^^^^^^^^^^^^^^^^^^^^^^^^^^^^^^^^^^^^^^\n\n",
    "message": "Source \"node_modules/@forma-dev/sdk/contracts/token/ERC721/ERC721Cementable.sol\" not found: Callback not supported.",
    "severity": "error",
    "sourceLocation": {
      "end": 206,
      "file": "contract.sol",
      "start": 114
    },
    "type": "ParserError"
  },
  {
    "component": "general",
    "errorCode": "6275",
    "formattedMessage": "ParserError: Source \"node_modules/@openzeppelin/contracts/access/Ownable2Step.sol\" not found: Callback not supported.\n --> contract.sol:4:1:\n  |\n4 | import {Ownable, Ownable2Step} from \"@openzeppelin/contracts/access/Ownable2Step.sol\";\n  | ^^^^^^^^^^^^^^^^^^^^^^^^^^^^^^^^^^^^^^^^^^^^^^^^^^^^^^^^^^^^^^^^^^^^^^^^^^^^^^^^^^^^^^\n\n",
    "message": "Source \"node_modules/@openzeppelin/contracts/access/Ownable2Step.sol\" not found: Callback not supported.",
    "severity": "error",
    "sourceLocation": {
      "end": 293,
      "file": "contract.sol",
      "start": 207
    },
    "type": "ParserError"
  },
  {
    "component": "general",
    "errorCode": "6275",
    "formattedMessage": "ParserError: Source \"node_modules/@openzeppelin/contracts/token/ERC721/ERC721.sol\" not found: Callback not supported.\n --> contract.sol:5:1:\n  |\n5 | import {ERC721 as ERC721OpenZeppelin} from \"@openzeppelin/contracts/token/ERC721/ERC721.sol\";\n  | ^^^^^^^^^^^^^^^^^^^^^^^^^^^^^^^^^^^^^^^^^^^^^^^^^^^^^^^^^^^^^^^^^^^^^^^^^^^^^^^^^^^^^^^^^^^^^\n\n",
    "message": "Source \"node_modules/@openzeppelin/contracts/token/ERC721/ERC721.sol\" not found: Callback not supported.",
    "severity": "error",
    "sourceLocation": {
      "end": 387,
      "file": "contract.sol",
      "start": 294
    },
    "type": "ParserError"
  },
  {
    "component": "general",
    "errorCode": "6275",
    "formattedMessage": "ParserError: Source \"node_modules/@openzeppelin/contracts/token/ERC721/IERC721.sol\" not found: Callback not supported.\n --> contract.sol:6:1:\n  |\n6 | import {IERC721} from \"@openzeppelin/contracts/token/ERC721/IERC721.sol\";\n  | ^^^^^^^^^^^^^^^^^^^^^^^^^^^^^^^^^^^^^^^^^^^^^^^^^^^^^^^^^^^^^^^^^^^^^^^^^\n\n",
    "message": "Source \"node_modules/@openzeppelin/contracts/token/ERC721/IERC721.sol\" not found: Callback not supported.",
    "severity": "error",
    "sourceLocation": {
      "end": 461,
      "file": "contract.sol",
      "start": 388
    },
    "type": "ParserError"
  },
  {
    "component": "general",
    "errorCode": "6275",
    "formattedMessage": "ParserError: Source \"node_modules/@forma-dev/sdk/contracts/metadata/TokenMetadataReader.sol\" not found: Callback not supported.\n --> contract.sol:7:1:\n  |\n7 | import {TokenMetadataReader} from \"@forma-dev/sdk/contracts/metadata/TokenMetadataReader.sol\";\n  | ^^^^^^^^^^^^^^^^^^^^^^^^^^^^^^^^^^^^^^^^^^^^^^^^^^^^^^^^^^^^^^^^^^^^^^^^^^^^^^^^^^^^^^^^^^^^^^\n\n",
    "message": "Source \"node_modules/@forma-dev/sdk/contracts/metadata/TokenMetadataReader.sol\" not found: Callback not supported.",
    "severity": "error",
    "sourceLocation": {
      "end": 556,
      "file": "contract.sol",
      "start": 462
    },
    "type": "ParserError"
  },
  {
    "component": "general",
    "errorCode": "6275",
    "formattedMessage": "ParserError: Source \"node_modules/@forma-dev/sdk/contracts/metadata/TokenMetadataEditor.sol\" not found: Callback not supported.\n --> contract.sol:8:1:\n  |\n8 | import {TokenMetadataEditor} from \"@forma-dev/sdk/contracts/metadata/TokenMetadataEditor.sol\";\n  | ^^^^^^^^^^^^^^^^^^^^^^^^^^^^^^^^^^^^^^^^^^^^^^^^^^^^^^^^^^^^^^^^^^^^^^^^^^^^^^^^^^^^^^^^^^^^^^\n\n",
    "message": "Source \"node_modules/@forma-dev/sdk/contracts/metadata/TokenMetadataEditor.sol\" not found: Callback not supported.",
    "severity": "error",
    "sourceLocation": {
      "end": 651,
      "file": "contract.sol",
      "start": 557
    },
    "type": "ParserError"
  },
  {
    "component": "general",
    "errorCode": "6275",
    "formattedMessage": "ParserError: Source \"node_modules/@forma-dev/sdk/contracts/utils/Strings.sol\" not found: Callback not supported.\n --> contract.sol:9:1:\n  |\n9 | import {Strings} from \"@forma-dev/sdk/contracts/utils/Strings.sol\";\n  | ^^^^^^^^^^^^^^^^^^^^^^^^^^^^^^^^^^^^^^^^^^^^^^^^^^^^^^^^^^^^^^^^^^^\n\n",
    "message": "Source \"node_modules/@forma-dev/sdk/contracts/utils/Strings.sol\" not found: Callback not supported.",
    "severity": "error",
    "sourceLocation": {
      "end": 719,
      "file": "contract.sol",
      "start": 652
    },
    "type": "ParserError"
  },
  {
    "component": "general",
    "errorCode": "6275",
    "formattedMessage": "ParserError: Source \"node_modules/@forma-dev/sdk/contracts/utils/Base64.sol\" not found: Callback not supported.\n  --> contract.sol:10:1:\n   |\n10 | import {Base64} from \"@forma-dev/sdk/contracts/utils/Base64.sol\";\n   | ^^^^^^^^^^^^^^^^^^^^^^^^^^^^^^^^^^^^^^^^^^^^^^^^^^^^^^^^^^^^^^^^^\n\n",
    "message": "Source \"node_modules/@forma-dev/sdk/contracts/utils/Base64.sol\" not found: Callback not supported.",
    "severity": "error",
    "sourceLocation": {
      "end": 785,
      "file": "contract.sol",
      "start": 720
    },
    "type": "ParserError"
  }
] {
  "service": "nft-service"
}
2025-03-03 10:44:10 [error]: Precompilation error: Compilation errors: [
  {
    "component": "general",
    "errorCode": "6275",
    "formattedMessage": "ParserError: Source \"node_modules/@forma-dev/sdk/contracts/metadata/ContractMetadata.sol\" not found: Callback not supported.\n --> contract.sol:2:1:\n  |\n2 | import {ContractMetadata} from \"@forma-dev/sdk/contracts/metadata/ContractMetadata.sol\";\n  | ^^^^^^^^^^^^^^^^^^^^^^^^^^^^^^^^^^^^^^^^^^^^^^^^^^^^^^^^^^^^^^^^^^^^^^^^^^^^^^^^^^^^^^^^\n\n",
    "message": "Source \"node_modules/@forma-dev/sdk/contracts/metadata/ContractMetadata.sol\" not found: Callback not supported.",
    "severity": "error",
    "sourceLocation": {
      "end": 113,
      "file": "contract.sol",
      "start": 25
    },
    "type": "ParserError"
  },
  {
    "component": "general",
    "errorCode": "6275",
    "formattedMessage": "ParserError: Source \"node_modules/@forma-dev/sdk/contracts/token/ERC721/ERC721Cementable.sol\" not found: Callback not supported.\n --> contract.sol:3:1:\n  |\n3 | import {ERC721Cementable} from \"@forma-dev/sdk/contracts/token/ERC721/ERC721Cementable.sol\";\n  | ^^^^^^^^^^^^^^^^^^^^^^^^^^^^^^^^^^^^^^^^^^^^^^^^^^^^^^^^^^^^^^^^^^^^^^^^^^^^^^^^^^^^^^^^^^^^\n\n",
    "message": "Source \"node_modules/@forma-dev/sdk/contracts/token/ERC721/ERC721Cementable.sol\" not found: Callback not supported.",
    "severity": "error",
    "sourceLocation": {
      "end": 206,
      "file": "contract.sol",
      "start": 114
    },
    "type": "ParserError"
  },
  {
    "component": "general",
    "errorCode": "6275",
    "formattedMessage": "ParserError: Source \"node_modules/@openzeppelin/contracts/access/Ownable2Step.sol\" not found: Callback not supported.\n --> contract.sol:4:1:\n  |\n4 | import {Ownable, Ownable2Step} from \"@openzeppelin/contracts/access/Ownable2Step.sol\";\n  | ^^^^^^^^^^^^^^^^^^^^^^^^^^^^^^^^^^^^^^^^^^^^^^^^^^^^^^^^^^^^^^^^^^^^^^^^^^^^^^^^^^^^^^\n\n",
    "message": "Source \"node_modules/@openzeppelin/contracts/access/Ownable2Step.sol\" not found: Callback not supported.",
    "severity": "error",
    "sourceLocation": {
      "end": 293,
      "file": "contract.sol",
      "start": 207
    },
    "type": "ParserError"
  },
  {
    "component": "general",
    "errorCode": "6275",
    "formattedMessage": "ParserError: Source \"node_modules/@openzeppelin/contracts/token/ERC721/ERC721.sol\" not found: Callback not supported.\n --> contract.sol:5:1:\n  |\n5 | import {ERC721 as ERC721OpenZeppelin} from \"@openzeppelin/contracts/token/ERC721/ERC721.sol\";\n  | ^^^^^^^^^^^^^^^^^^^^^^^^^^^^^^^^^^^^^^^^^^^^^^^^^^^^^^^^^^^^^^^^^^^^^^^^^^^^^^^^^^^^^^^^^^^^^\n\n",
    "message": "Source \"node_modules/@openzeppelin/contracts/token/ERC721/ERC721.sol\" not found: Callback not supported.",
    "severity": "error",
    "sourceLocation": {
      "end": 387,
      "file": "contract.sol",
      "start": 294
    },
    "type": "ParserError"
  },
  {
    "component": "general",
    "errorCode": "6275",
    "formattedMessage": "ParserError: Source \"node_modules/@openzeppelin/contracts/token/ERC721/IERC721.sol\" not found: Callback not supported.\n --> contract.sol:6:1:\n  |\n6 | import {IERC721} from \"@openzeppelin/contracts/token/ERC721/IERC721.sol\";\n  | ^^^^^^^^^^^^^^^^^^^^^^^^^^^^^^^^^^^^^^^^^^^^^^^^^^^^^^^^^^^^^^^^^^^^^^^^^\n\n",
    "message": "Source \"node_modules/@openzeppelin/contracts/token/ERC721/IERC721.sol\" not found: Callback not supported.",
    "severity": "error",
    "sourceLocation": {
      "end": 461,
      "file": "contract.sol",
      "start": 388
    },
    "type": "ParserError"
  },
  {
    "component": "general",
    "errorCode": "6275",
    "formattedMessage": "ParserError: Source \"node_modules/@forma-dev/sdk/contracts/metadata/TokenMetadataReader.sol\" not found: Callback not supported.\n --> contract.sol:7:1:\n  |\n7 | import {TokenMetadataReader} from \"@forma-dev/sdk/contracts/metadata/TokenMetadataReader.sol\";\n  | ^^^^^^^^^^^^^^^^^^^^^^^^^^^^^^^^^^^^^^^^^^^^^^^^^^^^^^^^^^^^^^^^^^^^^^^^^^^^^^^^^^^^^^^^^^^^^^\n\n",
    "message": "Source \"node_modules/@forma-dev/sdk/contracts/metadata/TokenMetadataReader.sol\" not found: Callback not supported.",
    "severity": "error",
    "sourceLocation": {
      "end": 556,
      "file": "contract.sol",
      "start": 462
    },
    "type": "ParserError"
  },
  {
    "component": "general",
    "errorCode": "6275",
    "formattedMessage": "ParserError: Source \"node_modules/@forma-dev/sdk/contracts/metadata/TokenMetadataEditor.sol\" not found: Callback not supported.\n --> contract.sol:8:1:\n  |\n8 | import {TokenMetadataEditor} from \"@forma-dev/sdk/contracts/metadata/TokenMetadataEditor.sol\";\n  | ^^^^^^^^^^^^^^^^^^^^^^^^^^^^^^^^^^^^^^^^^^^^^^^^^^^^^^^^^^^^^^^^^^^^^^^^^^^^^^^^^^^^^^^^^^^^^^\n\n",
    "message": "Source \"node_modules/@forma-dev/sdk/contracts/metadata/TokenMetadataEditor.sol\" not found: Callback not supported.",
    "severity": "error",
    "sourceLocation": {
      "end": 651,
      "file": "contract.sol",
      "start": 557
    },
    "type": "ParserError"
  },
  {
    "component": "general",
    "errorCode": "6275",
    "formattedMessage": "ParserError: Source \"node_modules/@forma-dev/sdk/contracts/utils/Strings.sol\" not found: Callback not supported.\n --> contract.sol:9:1:\n  |\n9 | import {Strings} from \"@forma-dev/sdk/contracts/utils/Strings.sol\";\n  | ^^^^^^^^^^^^^^^^^^^^^^^^^^^^^^^^^^^^^^^^^^^^^^^^^^^^^^^^^^^^^^^^^^^\n\n",
    "message": "Source \"node_modules/@forma-dev/sdk/contracts/utils/Strings.sol\" not found: Callback not supported.",
    "severity": "error",
    "sourceLocation": {
      "end": 719,
      "file": "contract.sol",
      "start": 652
    },
    "type": "ParserError"
  },
  {
    "component": "general",
    "errorCode": "6275",
    "formattedMessage": "ParserError: Source \"node_modules/@forma-dev/sdk/contracts/utils/Base64.sol\" not found: Callback not supported.\n  --> contract.sol:10:1:\n   |\n10 | import {Base64} from \"@forma-dev/sdk/contracts/utils/Base64.sol\";\n   | ^^^^^^^^^^^^^^^^^^^^^^^^^^^^^^^^^^^^^^^^^^^^^^^^^^^^^^^^^^^^^^^^^\n\n",
    "message": "Source \"node_modules/@forma-dev/sdk/contracts/utils/Base64.sol\" not found: Callback not supported.",
    "severity": "error",
    "sourceLocation": {
      "end": 785,
      "file": "contract.sol",
      "start": 720
    },
    "type": "ParserError"
  }
] {
  "service": "nft-service"
}
2025-03-03 10:44:28 [error]: Precompilation error: Compilation errors: [
  {
    "component": "general",
    "errorCode": "6275",
    "formattedMessage": "ParserError: Source \"node_modules/@forma-dev/sdk/contracts/metadata/ContractMetadata.sol\" not found: Callback not supported.\n --> contract.sol:2:1:\n  |\n2 | import {ContractMetadata} from \"@forma-dev/sdk/contracts/metadata/ContractMetadata.sol\";\n  | ^^^^^^^^^^^^^^^^^^^^^^^^^^^^^^^^^^^^^^^^^^^^^^^^^^^^^^^^^^^^^^^^^^^^^^^^^^^^^^^^^^^^^^^^\n\n",
    "message": "Source \"node_modules/@forma-dev/sdk/contracts/metadata/ContractMetadata.sol\" not found: Callback not supported.",
    "severity": "error",
    "sourceLocation": {
      "end": 113,
      "file": "contract.sol",
      "start": 25
    },
    "type": "ParserError"
  },
  {
    "component": "general",
    "errorCode": "6275",
    "formattedMessage": "ParserError: Source \"node_modules/@forma-dev/sdk/contracts/token/ERC721/ERC721Cementable.sol\" not found: Callback not supported.\n --> contract.sol:3:1:\n  |\n3 | import {ERC721Cementable} from \"@forma-dev/sdk/contracts/token/ERC721/ERC721Cementable.sol\";\n  | ^^^^^^^^^^^^^^^^^^^^^^^^^^^^^^^^^^^^^^^^^^^^^^^^^^^^^^^^^^^^^^^^^^^^^^^^^^^^^^^^^^^^^^^^^^^^\n\n",
    "message": "Source \"node_modules/@forma-dev/sdk/contracts/token/ERC721/ERC721Cementable.sol\" not found: Callback not supported.",
    "severity": "error",
    "sourceLocation": {
      "end": 206,
      "file": "contract.sol",
      "start": 114
    },
    "type": "ParserError"
  },
  {
    "component": "general",
    "errorCode": "6275",
    "formattedMessage": "ParserError: Source \"node_modules/@openzeppelin/contracts/access/Ownable2Step.sol\" not found: Callback not supported.\n --> contract.sol:4:1:\n  |\n4 | import {Ownable, Ownable2Step} from \"@openzeppelin/contracts/access/Ownable2Step.sol\";\n  | ^^^^^^^^^^^^^^^^^^^^^^^^^^^^^^^^^^^^^^^^^^^^^^^^^^^^^^^^^^^^^^^^^^^^^^^^^^^^^^^^^^^^^^\n\n",
    "message": "Source \"node_modules/@openzeppelin/contracts/access/Ownable2Step.sol\" not found: Callback not supported.",
    "severity": "error",
    "sourceLocation": {
      "end": 293,
      "file": "contract.sol",
      "start": 207
    },
    "type": "ParserError"
  },
  {
    "component": "general",
    "errorCode": "6275",
    "formattedMessage": "ParserError: Source \"node_modules/@openzeppelin/contracts/token/ERC721/ERC721.sol\" not found: Callback not supported.\n --> contract.sol:5:1:\n  |\n5 | import {ERC721 as ERC721OpenZeppelin} from \"@openzeppelin/contracts/token/ERC721/ERC721.sol\";\n  | ^^^^^^^^^^^^^^^^^^^^^^^^^^^^^^^^^^^^^^^^^^^^^^^^^^^^^^^^^^^^^^^^^^^^^^^^^^^^^^^^^^^^^^^^^^^^^\n\n",
    "message": "Source \"node_modules/@openzeppelin/contracts/token/ERC721/ERC721.sol\" not found: Callback not supported.",
    "severity": "error",
    "sourceLocation": {
      "end": 387,
      "file": "contract.sol",
      "start": 294
    },
    "type": "ParserError"
  },
  {
    "component": "general",
    "errorCode": "6275",
    "formattedMessage": "ParserError: Source \"node_modules/@openzeppelin/contracts/token/ERC721/IERC721.sol\" not found: Callback not supported.\n --> contract.sol:6:1:\n  |\n6 | import {IERC721} from \"@openzeppelin/contracts/token/ERC721/IERC721.sol\";\n  | ^^^^^^^^^^^^^^^^^^^^^^^^^^^^^^^^^^^^^^^^^^^^^^^^^^^^^^^^^^^^^^^^^^^^^^^^^\n\n",
    "message": "Source \"node_modules/@openzeppelin/contracts/token/ERC721/IERC721.sol\" not found: Callback not supported.",
    "severity": "error",
    "sourceLocation": {
      "end": 461,
      "file": "contract.sol",
      "start": 388
    },
    "type": "ParserError"
  },
  {
    "component": "general",
    "errorCode": "6275",
    "formattedMessage": "ParserError: Source \"node_modules/@forma-dev/sdk/contracts/metadata/TokenMetadataReader.sol\" not found: Callback not supported.\n --> contract.sol:7:1:\n  |\n7 | import {TokenMetadataReader} from \"@forma-dev/sdk/contracts/metadata/TokenMetadataReader.sol\";\n  | ^^^^^^^^^^^^^^^^^^^^^^^^^^^^^^^^^^^^^^^^^^^^^^^^^^^^^^^^^^^^^^^^^^^^^^^^^^^^^^^^^^^^^^^^^^^^^^\n\n",
    "message": "Source \"node_modules/@forma-dev/sdk/contracts/metadata/TokenMetadataReader.sol\" not found: Callback not supported.",
    "severity": "error",
    "sourceLocation": {
      "end": 556,
      "file": "contract.sol",
      "start": 462
    },
    "type": "ParserError"
  },
  {
    "component": "general",
    "errorCode": "6275",
    "formattedMessage": "ParserError: Source \"node_modules/@forma-dev/sdk/contracts/metadata/TokenMetadataEditor.sol\" not found: Callback not supported.\n --> contract.sol:8:1:\n  |\n8 | import {TokenMetadataEditor} from \"@forma-dev/sdk/contracts/metadata/TokenMetadataEditor.sol\";\n  | ^^^^^^^^^^^^^^^^^^^^^^^^^^^^^^^^^^^^^^^^^^^^^^^^^^^^^^^^^^^^^^^^^^^^^^^^^^^^^^^^^^^^^^^^^^^^^^\n\n",
    "message": "Source \"node_modules/@forma-dev/sdk/contracts/metadata/TokenMetadataEditor.sol\" not found: Callback not supported.",
    "severity": "error",
    "sourceLocation": {
      "end": 651,
      "file": "contract.sol",
      "start": 557
    },
    "type": "ParserError"
  },
  {
    "component": "general",
    "errorCode": "6275",
    "formattedMessage": "ParserError: Source \"node_modules/@forma-dev/sdk/contracts/utils/Strings.sol\" not found: Callback not supported.\n --> contract.sol:9:1:\n  |\n9 | import {Strings} from \"@forma-dev/sdk/contracts/utils/Strings.sol\";\n  | ^^^^^^^^^^^^^^^^^^^^^^^^^^^^^^^^^^^^^^^^^^^^^^^^^^^^^^^^^^^^^^^^^^^\n\n",
    "message": "Source \"node_modules/@forma-dev/sdk/contracts/utils/Strings.sol\" not found: Callback not supported.",
    "severity": "error",
    "sourceLocation": {
      "end": 719,
      "file": "contract.sol",
      "start": 652
    },
    "type": "ParserError"
  },
  {
    "component": "general",
    "errorCode": "6275",
    "formattedMessage": "ParserError: Source \"node_modules/@forma-dev/sdk/contracts/utils/Base64.sol\" not found: Callback not supported.\n  --> contract.sol:10:1:\n   |\n10 | import {Base64} from \"@forma-dev/sdk/contracts/utils/Base64.sol\";\n   | ^^^^^^^^^^^^^^^^^^^^^^^^^^^^^^^^^^^^^^^^^^^^^^^^^^^^^^^^^^^^^^^^^\n\n",
    "message": "Source \"node_modules/@forma-dev/sdk/contracts/utils/Base64.sol\" not found: Callback not supported.",
    "severity": "error",
    "sourceLocation": {
      "end": 785,
      "file": "contract.sol",
      "start": 720
    },
    "type": "ParserError"
  }
] {
  "service": "nft-service"
}
2025-03-03 10:45:00 [error]: Precompilation error: Compilation errors: [
  {
    "component": "general",
    "errorCode": "6275",
    "formattedMessage": "ParserError: Source \"node_modules/@forma-dev/sdk/contracts/metadata/ContractMetadata.sol\" not found: Callback not supported.\n --> contract.sol:2:1:\n  |\n2 | import {ContractMetadata} from \"@forma-dev/sdk/contracts/metadata/ContractMetadata.sol\";\n  | ^^^^^^^^^^^^^^^^^^^^^^^^^^^^^^^^^^^^^^^^^^^^^^^^^^^^^^^^^^^^^^^^^^^^^^^^^^^^^^^^^^^^^^^^\n\n",
    "message": "Source \"node_modules/@forma-dev/sdk/contracts/metadata/ContractMetadata.sol\" not found: Callback not supported.",
    "severity": "error",
    "sourceLocation": {
      "end": 113,
      "file": "contract.sol",
      "start": 25
    },
    "type": "ParserError"
  },
  {
    "component": "general",
    "errorCode": "6275",
    "formattedMessage": "ParserError: Source \"node_modules/@forma-dev/sdk/contracts/token/ERC721/ERC721Cementable.sol\" not found: Callback not supported.\n --> contract.sol:3:1:\n  |\n3 | import {ERC721Cementable} from \"@forma-dev/sdk/contracts/token/ERC721/ERC721Cementable.sol\";\n  | ^^^^^^^^^^^^^^^^^^^^^^^^^^^^^^^^^^^^^^^^^^^^^^^^^^^^^^^^^^^^^^^^^^^^^^^^^^^^^^^^^^^^^^^^^^^^\n\n",
    "message": "Source \"node_modules/@forma-dev/sdk/contracts/token/ERC721/ERC721Cementable.sol\" not found: Callback not supported.",
    "severity": "error",
    "sourceLocation": {
      "end": 206,
      "file": "contract.sol",
      "start": 114
    },
    "type": "ParserError"
  },
  {
    "component": "general",
    "errorCode": "6275",
    "formattedMessage": "ParserError: Source \"node_modules/@openzeppelin/contracts/access/Ownable2Step.sol\" not found: Callback not supported.\n --> contract.sol:4:1:\n  |\n4 | import {Ownable, Ownable2Step} from \"@openzeppelin/contracts/access/Ownable2Step.sol\";\n  | ^^^^^^^^^^^^^^^^^^^^^^^^^^^^^^^^^^^^^^^^^^^^^^^^^^^^^^^^^^^^^^^^^^^^^^^^^^^^^^^^^^^^^^\n\n",
    "message": "Source \"node_modules/@openzeppelin/contracts/access/Ownable2Step.sol\" not found: Callback not supported.",
    "severity": "error",
    "sourceLocation": {
      "end": 293,
      "file": "contract.sol",
      "start": 207
    },
    "type": "ParserError"
  },
  {
    "component": "general",
    "errorCode": "6275",
    "formattedMessage": "ParserError: Source \"node_modules/@openzeppelin/contracts/token/ERC721/ERC721.sol\" not found: Callback not supported.\n --> contract.sol:5:1:\n  |\n5 | import {ERC721 as ERC721OpenZeppelin} from \"@openzeppelin/contracts/token/ERC721/ERC721.sol\";\n  | ^^^^^^^^^^^^^^^^^^^^^^^^^^^^^^^^^^^^^^^^^^^^^^^^^^^^^^^^^^^^^^^^^^^^^^^^^^^^^^^^^^^^^^^^^^^^^\n\n",
    "message": "Source \"node_modules/@openzeppelin/contracts/token/ERC721/ERC721.sol\" not found: Callback not supported.",
    "severity": "error",
    "sourceLocation": {
      "end": 387,
      "file": "contract.sol",
      "start": 294
    },
    "type": "ParserError"
  },
  {
    "component": "general",
    "errorCode": "6275",
    "formattedMessage": "ParserError: Source \"node_modules/@openzeppelin/contracts/token/ERC721/IERC721.sol\" not found: Callback not supported.\n --> contract.sol:6:1:\n  |\n6 | import {IERC721} from \"@openzeppelin/contracts/token/ERC721/IERC721.sol\";\n  | ^^^^^^^^^^^^^^^^^^^^^^^^^^^^^^^^^^^^^^^^^^^^^^^^^^^^^^^^^^^^^^^^^^^^^^^^^\n\n",
    "message": "Source \"node_modules/@openzeppelin/contracts/token/ERC721/IERC721.sol\" not found: Callback not supported.",
    "severity": "error",
    "sourceLocation": {
      "end": 461,
      "file": "contract.sol",
      "start": 388
    },
    "type": "ParserError"
  },
  {
    "component": "general",
    "errorCode": "6275",
    "formattedMessage": "ParserError: Source \"node_modules/@forma-dev/sdk/contracts/metadata/TokenMetadataReader.sol\" not found: Callback not supported.\n --> contract.sol:7:1:\n  |\n7 | import {TokenMetadataReader} from \"@forma-dev/sdk/contracts/metadata/TokenMetadataReader.sol\";\n  | ^^^^^^^^^^^^^^^^^^^^^^^^^^^^^^^^^^^^^^^^^^^^^^^^^^^^^^^^^^^^^^^^^^^^^^^^^^^^^^^^^^^^^^^^^^^^^^\n\n",
    "message": "Source \"node_modules/@forma-dev/sdk/contracts/metadata/TokenMetadataReader.sol\" not found: Callback not supported.",
    "severity": "error",
    "sourceLocation": {
      "end": 556,
      "file": "contract.sol",
      "start": 462
    },
    "type": "ParserError"
  },
  {
    "component": "general",
    "errorCode": "6275",
    "formattedMessage": "ParserError: Source \"node_modules/@forma-dev/sdk/contracts/metadata/TokenMetadataEditor.sol\" not found: Callback not supported.\n --> contract.sol:8:1:\n  |\n8 | import {TokenMetadataEditor} from \"@forma-dev/sdk/contracts/metadata/TokenMetadataEditor.sol\";\n  | ^^^^^^^^^^^^^^^^^^^^^^^^^^^^^^^^^^^^^^^^^^^^^^^^^^^^^^^^^^^^^^^^^^^^^^^^^^^^^^^^^^^^^^^^^^^^^^\n\n",
    "message": "Source \"node_modules/@forma-dev/sdk/contracts/metadata/TokenMetadataEditor.sol\" not found: Callback not supported.",
    "severity": "error",
    "sourceLocation": {
      "end": 651,
      "file": "contract.sol",
      "start": 557
    },
    "type": "ParserError"
  },
  {
    "component": "general",
    "errorCode": "6275",
    "formattedMessage": "ParserError: Source \"node_modules/@forma-dev/sdk/contracts/utils/Strings.sol\" not found: Callback not supported.\n --> contract.sol:9:1:\n  |\n9 | import {Strings} from \"@forma-dev/sdk/contracts/utils/Strings.sol\";\n  | ^^^^^^^^^^^^^^^^^^^^^^^^^^^^^^^^^^^^^^^^^^^^^^^^^^^^^^^^^^^^^^^^^^^\n\n",
    "message": "Source \"node_modules/@forma-dev/sdk/contracts/utils/Strings.sol\" not found: Callback not supported.",
    "severity": "error",
    "sourceLocation": {
      "end": 719,
      "file": "contract.sol",
      "start": 652
    },
    "type": "ParserError"
  },
  {
    "component": "general",
    "errorCode": "6275",
    "formattedMessage": "ParserError: Source \"node_modules/@forma-dev/sdk/contracts/utils/Base64.sol\" not found: Callback not supported.\n  --> contract.sol:10:1:\n   |\n10 | import {Base64} from \"@forma-dev/sdk/contracts/utils/Base64.sol\";\n   | ^^^^^^^^^^^^^^^^^^^^^^^^^^^^^^^^^^^^^^^^^^^^^^^^^^^^^^^^^^^^^^^^^\n\n",
    "message": "Source \"node_modules/@forma-dev/sdk/contracts/utils/Base64.sol\" not found: Callback not supported.",
    "severity": "error",
    "sourceLocation": {
      "end": 785,
      "file": "contract.sol",
      "start": 720
    },
    "type": "ParserError"
  }
] {
  "service": "nft-service"
}
2025-03-03 10:45:46 [error]: Precompilation error: Compilation errors: [
  {
    "component": "general",
    "errorCode": "6275",
    "formattedMessage": "ParserError: Source \"node_modules/@forma-dev/sdk/contracts/metadata/ContractMetadata.sol\" not found: Callback not supported.\n --> contract.sol:2:1:\n  |\n2 | import {ContractMetadata} from \"@forma-dev/sdk/contracts/metadata/ContractMetadata.sol\";\n  | ^^^^^^^^^^^^^^^^^^^^^^^^^^^^^^^^^^^^^^^^^^^^^^^^^^^^^^^^^^^^^^^^^^^^^^^^^^^^^^^^^^^^^^^^\n\n",
    "message": "Source \"node_modules/@forma-dev/sdk/contracts/metadata/ContractMetadata.sol\" not found: Callback not supported.",
    "severity": "error",
    "sourceLocation": {
      "end": 113,
      "file": "contract.sol",
      "start": 25
    },
    "type": "ParserError"
  },
  {
    "component": "general",
    "errorCode": "6275",
    "formattedMessage": "ParserError: Source \"node_modules/@forma-dev/sdk/contracts/token/ERC721/ERC721Cementable.sol\" not found: Callback not supported.\n --> contract.sol:3:1:\n  |\n3 | import {ERC721Cementable} from \"@forma-dev/sdk/contracts/token/ERC721/ERC721Cementable.sol\";\n  | ^^^^^^^^^^^^^^^^^^^^^^^^^^^^^^^^^^^^^^^^^^^^^^^^^^^^^^^^^^^^^^^^^^^^^^^^^^^^^^^^^^^^^^^^^^^^\n\n",
    "message": "Source \"node_modules/@forma-dev/sdk/contracts/token/ERC721/ERC721Cementable.sol\" not found: Callback not supported.",
    "severity": "error",
    "sourceLocation": {
      "end": 206,
      "file": "contract.sol",
      "start": 114
    },
    "type": "ParserError"
  },
  {
    "component": "general",
    "errorCode": "6275",
    "formattedMessage": "ParserError: Source \"node_modules/@openzeppelin/contracts/access/Ownable2Step.sol\" not found: Callback not supported.\n --> contract.sol:4:1:\n  |\n4 | import {Ownable, Ownable2Step} from \"@openzeppelin/contracts/access/Ownable2Step.sol\";\n  | ^^^^^^^^^^^^^^^^^^^^^^^^^^^^^^^^^^^^^^^^^^^^^^^^^^^^^^^^^^^^^^^^^^^^^^^^^^^^^^^^^^^^^^\n\n",
    "message": "Source \"node_modules/@openzeppelin/contracts/access/Ownable2Step.sol\" not found: Callback not supported.",
    "severity": "error",
    "sourceLocation": {
      "end": 293,
      "file": "contract.sol",
      "start": 207
    },
    "type": "ParserError"
  },
  {
    "component": "general",
    "errorCode": "6275",
    "formattedMessage": "ParserError: Source \"node_modules/@openzeppelin/contracts/token/ERC721/ERC721.sol\" not found: Callback not supported.\n --> contract.sol:5:1:\n  |\n5 | import {ERC721 as ERC721OpenZeppelin} from \"@openzeppelin/contracts/token/ERC721/ERC721.sol\";\n  | ^^^^^^^^^^^^^^^^^^^^^^^^^^^^^^^^^^^^^^^^^^^^^^^^^^^^^^^^^^^^^^^^^^^^^^^^^^^^^^^^^^^^^^^^^^^^^\n\n",
    "message": "Source \"node_modules/@openzeppelin/contracts/token/ERC721/ERC721.sol\" not found: Callback not supported.",
    "severity": "error",
    "sourceLocation": {
      "end": 387,
      "file": "contract.sol",
      "start": 294
    },
    "type": "ParserError"
  },
  {
    "component": "general",
    "errorCode": "6275",
    "formattedMessage": "ParserError: Source \"node_modules/@openzeppelin/contracts/token/ERC721/IERC721.sol\" not found: Callback not supported.\n --> contract.sol:6:1:\n  |\n6 | import {IERC721} from \"@openzeppelin/contracts/token/ERC721/IERC721.sol\";\n  | ^^^^^^^^^^^^^^^^^^^^^^^^^^^^^^^^^^^^^^^^^^^^^^^^^^^^^^^^^^^^^^^^^^^^^^^^^\n\n",
    "message": "Source \"node_modules/@openzeppelin/contracts/token/ERC721/IERC721.sol\" not found: Callback not supported.",
    "severity": "error",
    "sourceLocation": {
      "end": 461,
      "file": "contract.sol",
      "start": 388
    },
    "type": "ParserError"
  },
  {
    "component": "general",
    "errorCode": "6275",
    "formattedMessage": "ParserError: Source \"node_modules/@forma-dev/sdk/contracts/metadata/TokenMetadataReader.sol\" not found: Callback not supported.\n --> contract.sol:7:1:\n  |\n7 | import {TokenMetadataReader} from \"@forma-dev/sdk/contracts/metadata/TokenMetadataReader.sol\";\n  | ^^^^^^^^^^^^^^^^^^^^^^^^^^^^^^^^^^^^^^^^^^^^^^^^^^^^^^^^^^^^^^^^^^^^^^^^^^^^^^^^^^^^^^^^^^^^^^\n\n",
    "message": "Source \"node_modules/@forma-dev/sdk/contracts/metadata/TokenMetadataReader.sol\" not found: Callback not supported.",
    "severity": "error",
    "sourceLocation": {
      "end": 556,
      "file": "contract.sol",
      "start": 462
    },
    "type": "ParserError"
  },
  {
    "component": "general",
    "errorCode": "6275",
    "formattedMessage": "ParserError: Source \"node_modules/@forma-dev/sdk/contracts/metadata/TokenMetadataEditor.sol\" not found: Callback not supported.\n --> contract.sol:8:1:\n  |\n8 | import {TokenMetadataEditor} from \"@forma-dev/sdk/contracts/metadata/TokenMetadataEditor.sol\";\n  | ^^^^^^^^^^^^^^^^^^^^^^^^^^^^^^^^^^^^^^^^^^^^^^^^^^^^^^^^^^^^^^^^^^^^^^^^^^^^^^^^^^^^^^^^^^^^^^\n\n",
    "message": "Source \"node_modules/@forma-dev/sdk/contracts/metadata/TokenMetadataEditor.sol\" not found: Callback not supported.",
    "severity": "error",
    "sourceLocation": {
      "end": 651,
      "file": "contract.sol",
      "start": 557
    },
    "type": "ParserError"
  },
  {
    "component": "general",
    "errorCode": "6275",
    "formattedMessage": "ParserError: Source \"node_modules/@forma-dev/sdk/contracts/utils/Strings.sol\" not found: Callback not supported.\n --> contract.sol:9:1:\n  |\n9 | import {Strings} from \"@forma-dev/sdk/contracts/utils/Strings.sol\";\n  | ^^^^^^^^^^^^^^^^^^^^^^^^^^^^^^^^^^^^^^^^^^^^^^^^^^^^^^^^^^^^^^^^^^^\n\n",
    "message": "Source \"node_modules/@forma-dev/sdk/contracts/utils/Strings.sol\" not found: Callback not supported.",
    "severity": "error",
    "sourceLocation": {
      "end": 719,
      "file": "contract.sol",
      "start": 652
    },
    "type": "ParserError"
  },
  {
    "component": "general",
    "errorCode": "6275",
    "formattedMessage": "ParserError: Source \"node_modules/@forma-dev/sdk/contracts/utils/Base64.sol\" not found: Callback not supported.\n  --> contract.sol:10:1:\n   |\n10 | import {Base64} from \"@forma-dev/sdk/contracts/utils/Base64.sol\";\n   | ^^^^^^^^^^^^^^^^^^^^^^^^^^^^^^^^^^^^^^^^^^^^^^^^^^^^^^^^^^^^^^^^^\n\n",
    "message": "Source \"node_modules/@forma-dev/sdk/contracts/utils/Base64.sol\" not found: Callback not supported.",
    "severity": "error",
    "sourceLocation": {
      "end": 785,
      "file": "contract.sol",
      "start": 720
    },
    "type": "ParserError"
  }
] {
  "service": "nft-service"
}
2025-03-03 10:50:04 [info]: Server running on port 1337 {
  "service": "nft-service"
}
2025-03-03 10:53:33 [info]: Server running on port 1337 {
  "service": "nft-service"
}
2025-03-03 10:54:06 [info]: Server running on port 1337 {
  "service": "nft-service"
}
2025-03-03 10:54:14 [info]: Server running on port 1337 {
  "service": "nft-service"
}
2025-03-03 11:02:15 [info]: Server running on port 1337 {
  "service": "nft-service"
}
2025-03-03 11:05:40 [info]: Server running on port 1337 {
  "service": "nft-service"
}
2025-03-03 11:08:05 [info]: Server running on port 1337 {
  "service": "nft-service"
}
2025-03-03 11:12:08 [info]: Server running on port 1337 {
  "service": "nft-service"
}
2025-03-03 11:33:10 [error]: Precompilation error: Compilation errors: [
  {
    "component": "general",
    "errorCode": "6275",
    "formattedMessage": "ParserError: Source \"node_modules/@forma-dev/sdk/contracts/metadata/ContractMetadata.sol\" not found: Callback not supported.\n --> contract.sol:2:1:\n  |\n2 | import {ContractMetadata} from \"@forma-dev/sdk/contracts/metadata/ContractMetadata.sol\";\n  | ^^^^^^^^^^^^^^^^^^^^^^^^^^^^^^^^^^^^^^^^^^^^^^^^^^^^^^^^^^^^^^^^^^^^^^^^^^^^^^^^^^^^^^^^\n\n",
    "message": "Source \"node_modules/@forma-dev/sdk/contracts/metadata/ContractMetadata.sol\" not found: Callback not supported.",
    "severity": "error",
    "sourceLocation": {
      "end": 113,
      "file": "contract.sol",
      "start": 25
    },
    "type": "ParserError"
  },
  {
    "component": "general",
    "errorCode": "6275",
    "formattedMessage": "ParserError: Source \"node_modules/@forma-dev/sdk/contracts/token/ERC721/ERC721Cementable.sol\" not found: Callback not supported.\n --> contract.sol:3:1:\n  |\n3 | import {ERC721Cementable} from \"@forma-dev/sdk/contracts/token/ERC721/ERC721Cementable.sol\";\n  | ^^^^^^^^^^^^^^^^^^^^^^^^^^^^^^^^^^^^^^^^^^^^^^^^^^^^^^^^^^^^^^^^^^^^^^^^^^^^^^^^^^^^^^^^^^^^\n\n",
    "message": "Source \"node_modules/@forma-dev/sdk/contracts/token/ERC721/ERC721Cementable.sol\" not found: Callback not supported.",
    "severity": "error",
    "sourceLocation": {
      "end": 206,
      "file": "contract.sol",
      "start": 114
    },
    "type": "ParserError"
  },
  {
    "component": "general",
    "errorCode": "6275",
    "formattedMessage": "ParserError: Source \"node_modules/@openzeppelin/contracts/access/Ownable2Step.sol\" not found: Callback not supported.\n --> contract.sol:4:1:\n  |\n4 | import {Ownable, Ownable2Step} from \"@openzeppelin/contracts/access/Ownable2Step.sol\";\n  | ^^^^^^^^^^^^^^^^^^^^^^^^^^^^^^^^^^^^^^^^^^^^^^^^^^^^^^^^^^^^^^^^^^^^^^^^^^^^^^^^^^^^^^\n\n",
    "message": "Source \"node_modules/@openzeppelin/contracts/access/Ownable2Step.sol\" not found: Callback not supported.",
    "severity": "error",
    "sourceLocation": {
      "end": 293,
      "file": "contract.sol",
      "start": 207
    },
    "type": "ParserError"
  },
  {
    "component": "general",
    "errorCode": "6275",
    "formattedMessage": "ParserError: Source \"node_modules/@openzeppelin/contracts/token/ERC721/ERC721.sol\" not found: Callback not supported.\n --> contract.sol:5:1:\n  |\n5 | import {ERC721 as ERC721OpenZeppelin} from \"@openzeppelin/contracts/token/ERC721/ERC721.sol\";\n  | ^^^^^^^^^^^^^^^^^^^^^^^^^^^^^^^^^^^^^^^^^^^^^^^^^^^^^^^^^^^^^^^^^^^^^^^^^^^^^^^^^^^^^^^^^^^^^\n\n",
    "message": "Source \"node_modules/@openzeppelin/contracts/token/ERC721/ERC721.sol\" not found: Callback not supported.",
    "severity": "error",
    "sourceLocation": {
      "end": 387,
      "file": "contract.sol",
      "start": 294
    },
    "type": "ParserError"
  },
  {
    "component": "general",
    "errorCode": "6275",
    "formattedMessage": "ParserError: Source \"node_modules/@openzeppelin/contracts/token/ERC721/IERC721.sol\" not found: Callback not supported.\n --> contract.sol:6:1:\n  |\n6 | import {IERC721} from \"@openzeppelin/contracts/token/ERC721/IERC721.sol\";\n  | ^^^^^^^^^^^^^^^^^^^^^^^^^^^^^^^^^^^^^^^^^^^^^^^^^^^^^^^^^^^^^^^^^^^^^^^^^\n\n",
    "message": "Source \"node_modules/@openzeppelin/contracts/token/ERC721/IERC721.sol\" not found: Callback not supported.",
    "severity": "error",
    "sourceLocation": {
      "end": 461,
      "file": "contract.sol",
      "start": 388
    },
    "type": "ParserError"
  },
  {
    "component": "general",
    "errorCode": "6275",
    "formattedMessage": "ParserError: Source \"node_modules/@forma-dev/sdk/contracts/metadata/TokenMetadataReader.sol\" not found: Callback not supported.\n --> contract.sol:7:1:\n  |\n7 | import {TokenMetadataReader} from \"@forma-dev/sdk/contracts/metadata/TokenMetadataReader.sol\";\n  | ^^^^^^^^^^^^^^^^^^^^^^^^^^^^^^^^^^^^^^^^^^^^^^^^^^^^^^^^^^^^^^^^^^^^^^^^^^^^^^^^^^^^^^^^^^^^^^\n\n",
    "message": "Source \"node_modules/@forma-dev/sdk/contracts/metadata/TokenMetadataReader.sol\" not found: Callback not supported.",
    "severity": "error",
    "sourceLocation": {
      "end": 556,
      "file": "contract.sol",
      "start": 462
    },
    "type": "ParserError"
  },
  {
    "component": "general",
    "errorCode": "6275",
    "formattedMessage": "ParserError: Source \"node_modules/@forma-dev/sdk/contracts/metadata/TokenMetadataEditor.sol\" not found: Callback not supported.\n --> contract.sol:8:1:\n  |\n8 | import {TokenMetadataEditor} from \"@forma-dev/sdk/contracts/metadata/TokenMetadataEditor.sol\";\n  | ^^^^^^^^^^^^^^^^^^^^^^^^^^^^^^^^^^^^^^^^^^^^^^^^^^^^^^^^^^^^^^^^^^^^^^^^^^^^^^^^^^^^^^^^^^^^^^\n\n",
    "message": "Source \"node_modules/@forma-dev/sdk/contracts/metadata/TokenMetadataEditor.sol\" not found: Callback not supported.",
    "severity": "error",
    "sourceLocation": {
      "end": 651,
      "file": "contract.sol",
      "start": 557
    },
    "type": "ParserError"
  },
  {
    "component": "general",
    "errorCode": "6275",
    "formattedMessage": "ParserError: Source \"node_modules/@forma-dev/sdk/contracts/utils/Strings.sol\" not found: Callback not supported.\n --> contract.sol:9:1:\n  |\n9 | import {Strings} from \"@forma-dev/sdk/contracts/utils/Strings.sol\";\n  | ^^^^^^^^^^^^^^^^^^^^^^^^^^^^^^^^^^^^^^^^^^^^^^^^^^^^^^^^^^^^^^^^^^^\n\n",
    "message": "Source \"node_modules/@forma-dev/sdk/contracts/utils/Strings.sol\" not found: Callback not supported.",
    "severity": "error",
    "sourceLocation": {
      "end": 719,
      "file": "contract.sol",
      "start": 652
    },
    "type": "ParserError"
  },
  {
    "component": "general",
    "errorCode": "6275",
    "formattedMessage": "ParserError: Source \"node_modules/@forma-dev/sdk/contracts/utils/Base64.sol\" not found: Callback not supported.\n  --> contract.sol:10:1:\n   |\n10 | import {Base64} from \"@forma-dev/sdk/contracts/utils/Base64.sol\";\n   | ^^^^^^^^^^^^^^^^^^^^^^^^^^^^^^^^^^^^^^^^^^^^^^^^^^^^^^^^^^^^^^^^^\n\n",
    "message": "Source \"node_modules/@forma-dev/sdk/contracts/utils/Base64.sol\" not found: Callback not supported.",
    "severity": "error",
    "sourceLocation": {
      "end": 785,
      "file": "contract.sol",
      "start": 720
    },
    "type": "ParserError"
  }
] {
  "service": "nft-service"
}
2025-03-03 11:33:19 [error]: Precompilation error: Compilation errors: [
  {
    "component": "general",
    "errorCode": "6275",
    "formattedMessage": "ParserError: Source \"node_modules/@forma-dev/sdk/contracts/metadata/ContractMetadata.sol\" not found: Callback not supported.\n --> contract.sol:2:1:\n  |\n2 | import {ContractMetadata} from \"@forma-dev/sdk/contracts/metadata/ContractMetadata.sol\";\n  | ^^^^^^^^^^^^^^^^^^^^^^^^^^^^^^^^^^^^^^^^^^^^^^^^^^^^^^^^^^^^^^^^^^^^^^^^^^^^^^^^^^^^^^^^\n\n",
    "message": "Source \"node_modules/@forma-dev/sdk/contracts/metadata/ContractMetadata.sol\" not found: Callback not supported.",
    "severity": "error",
    "sourceLocation": {
      "end": 113,
      "file": "contract.sol",
      "start": 25
    },
    "type": "ParserError"
  },
  {
    "component": "general",
    "errorCode": "6275",
    "formattedMessage": "ParserError: Source \"node_modules/@forma-dev/sdk/contracts/token/ERC721/ERC721Cementable.sol\" not found: Callback not supported.\n --> contract.sol:3:1:\n  |\n3 | import {ERC721Cementable} from \"@forma-dev/sdk/contracts/token/ERC721/ERC721Cementable.sol\";\n  | ^^^^^^^^^^^^^^^^^^^^^^^^^^^^^^^^^^^^^^^^^^^^^^^^^^^^^^^^^^^^^^^^^^^^^^^^^^^^^^^^^^^^^^^^^^^^\n\n",
    "message": "Source \"node_modules/@forma-dev/sdk/contracts/token/ERC721/ERC721Cementable.sol\" not found: Callback not supported.",
    "severity": "error",
    "sourceLocation": {
      "end": 206,
      "file": "contract.sol",
      "start": 114
    },
    "type": "ParserError"
  },
  {
    "component": "general",
    "errorCode": "6275",
    "formattedMessage": "ParserError: Source \"node_modules/@openzeppelin/contracts/access/Ownable2Step.sol\" not found: Callback not supported.\n --> contract.sol:4:1:\n  |\n4 | import {Ownable, Ownable2Step} from \"@openzeppelin/contracts/access/Ownable2Step.sol\";\n  | ^^^^^^^^^^^^^^^^^^^^^^^^^^^^^^^^^^^^^^^^^^^^^^^^^^^^^^^^^^^^^^^^^^^^^^^^^^^^^^^^^^^^^^\n\n",
    "message": "Source \"node_modules/@openzeppelin/contracts/access/Ownable2Step.sol\" not found: Callback not supported.",
    "severity": "error",
    "sourceLocation": {
      "end": 293,
      "file": "contract.sol",
      "start": 207
    },
    "type": "ParserError"
  },
  {
    "component": "general",
    "errorCode": "6275",
    "formattedMessage": "ParserError: Source \"node_modules/@openzeppelin/contracts/token/ERC721/ERC721.sol\" not found: Callback not supported.\n --> contract.sol:5:1:\n  |\n5 | import {ERC721 as ERC721OpenZeppelin} from \"@openzeppelin/contracts/token/ERC721/ERC721.sol\";\n  | ^^^^^^^^^^^^^^^^^^^^^^^^^^^^^^^^^^^^^^^^^^^^^^^^^^^^^^^^^^^^^^^^^^^^^^^^^^^^^^^^^^^^^^^^^^^^^\n\n",
    "message": "Source \"node_modules/@openzeppelin/contracts/token/ERC721/ERC721.sol\" not found: Callback not supported.",
    "severity": "error",
    "sourceLocation": {
      "end": 387,
      "file": "contract.sol",
      "start": 294
    },
    "type": "ParserError"
  },
  {
    "component": "general",
    "errorCode": "6275",
    "formattedMessage": "ParserError: Source \"node_modules/@openzeppelin/contracts/token/ERC721/IERC721.sol\" not found: Callback not supported.\n --> contract.sol:6:1:\n  |\n6 | import {IERC721} from \"@openzeppelin/contracts/token/ERC721/IERC721.sol\";\n  | ^^^^^^^^^^^^^^^^^^^^^^^^^^^^^^^^^^^^^^^^^^^^^^^^^^^^^^^^^^^^^^^^^^^^^^^^^\n\n",
    "message": "Source \"node_modules/@openzeppelin/contracts/token/ERC721/IERC721.sol\" not found: Callback not supported.",
    "severity": "error",
    "sourceLocation": {
      "end": 461,
      "file": "contract.sol",
      "start": 388
    },
    "type": "ParserError"
  },
  {
    "component": "general",
    "errorCode": "6275",
    "formattedMessage": "ParserError: Source \"node_modules/@forma-dev/sdk/contracts/metadata/TokenMetadataReader.sol\" not found: Callback not supported.\n --> contract.sol:7:1:\n  |\n7 | import {TokenMetadataReader} from \"@forma-dev/sdk/contracts/metadata/TokenMetadataReader.sol\";\n  | ^^^^^^^^^^^^^^^^^^^^^^^^^^^^^^^^^^^^^^^^^^^^^^^^^^^^^^^^^^^^^^^^^^^^^^^^^^^^^^^^^^^^^^^^^^^^^^\n\n",
    "message": "Source \"node_modules/@forma-dev/sdk/contracts/metadata/TokenMetadataReader.sol\" not found: Callback not supported.",
    "severity": "error",
    "sourceLocation": {
      "end": 556,
      "file": "contract.sol",
      "start": 462
    },
    "type": "ParserError"
  },
  {
    "component": "general",
    "errorCode": "6275",
    "formattedMessage": "ParserError: Source \"node_modules/@forma-dev/sdk/contracts/metadata/TokenMetadataEditor.sol\" not found: Callback not supported.\n --> contract.sol:8:1:\n  |\n8 | import {TokenMetadataEditor} from \"@forma-dev/sdk/contracts/metadata/TokenMetadataEditor.sol\";\n  | ^^^^^^^^^^^^^^^^^^^^^^^^^^^^^^^^^^^^^^^^^^^^^^^^^^^^^^^^^^^^^^^^^^^^^^^^^^^^^^^^^^^^^^^^^^^^^^\n\n",
    "message": "Source \"node_modules/@forma-dev/sdk/contracts/metadata/TokenMetadataEditor.sol\" not found: Callback not supported.",
    "severity": "error",
    "sourceLocation": {
      "end": 651,
      "file": "contract.sol",
      "start": 557
    },
    "type": "ParserError"
  },
  {
    "component": "general",
    "errorCode": "6275",
    "formattedMessage": "ParserError: Source \"node_modules/@forma-dev/sdk/contracts/utils/Strings.sol\" not found: Callback not supported.\n --> contract.sol:9:1:\n  |\n9 | import {Strings} from \"@forma-dev/sdk/contracts/utils/Strings.sol\";\n  | ^^^^^^^^^^^^^^^^^^^^^^^^^^^^^^^^^^^^^^^^^^^^^^^^^^^^^^^^^^^^^^^^^^^\n\n",
    "message": "Source \"node_modules/@forma-dev/sdk/contracts/utils/Strings.sol\" not found: Callback not supported.",
    "severity": "error",
    "sourceLocation": {
      "end": 719,
      "file": "contract.sol",
      "start": 652
    },
    "type": "ParserError"
  },
  {
    "component": "general",
    "errorCode": "6275",
    "formattedMessage": "ParserError: Source \"node_modules/@forma-dev/sdk/contracts/utils/Base64.sol\" not found: Callback not supported.\n  --> contract.sol:10:1:\n   |\n10 | import {Base64} from \"@forma-dev/sdk/contracts/utils/Base64.sol\";\n   | ^^^^^^^^^^^^^^^^^^^^^^^^^^^^^^^^^^^^^^^^^^^^^^^^^^^^^^^^^^^^^^^^^\n\n",
    "message": "Source \"node_modules/@forma-dev/sdk/contracts/utils/Base64.sol\" not found: Callback not supported.",
    "severity": "error",
    "sourceLocation": {
      "end": 785,
      "file": "contract.sol",
      "start": 720
    },
    "type": "ParserError"
  }
] {
  "service": "nft-service"
}
2025-03-03 11:33:24 [error]: Precompilation error: Compilation errors: [
  {
    "component": "general",
    "errorCode": "6275",
    "formattedMessage": "ParserError: Source \"node_modules/@forma-dev/sdk/contracts/metadata/ContractMetadata.sol\" not found: Callback not supported.\n --> contract.sol:2:1:\n  |\n2 | import {ContractMetadata} from \"@forma-dev/sdk/contracts/metadata/ContractMetadata.sol\";\n  | ^^^^^^^^^^^^^^^^^^^^^^^^^^^^^^^^^^^^^^^^^^^^^^^^^^^^^^^^^^^^^^^^^^^^^^^^^^^^^^^^^^^^^^^^\n\n",
    "message": "Source \"node_modules/@forma-dev/sdk/contracts/metadata/ContractMetadata.sol\" not found: Callback not supported.",
    "severity": "error",
    "sourceLocation": {
      "end": 113,
      "file": "contract.sol",
      "start": 25
    },
    "type": "ParserError"
  },
  {
    "component": "general",
    "errorCode": "6275",
    "formattedMessage": "ParserError: Source \"node_modules/@forma-dev/sdk/contracts/token/ERC721/ERC721Cementable.sol\" not found: Callback not supported.\n --> contract.sol:3:1:\n  |\n3 | import {ERC721Cementable} from \"@forma-dev/sdk/contracts/token/ERC721/ERC721Cementable.sol\";\n  | ^^^^^^^^^^^^^^^^^^^^^^^^^^^^^^^^^^^^^^^^^^^^^^^^^^^^^^^^^^^^^^^^^^^^^^^^^^^^^^^^^^^^^^^^^^^^\n\n",
    "message": "Source \"node_modules/@forma-dev/sdk/contracts/token/ERC721/ERC721Cementable.sol\" not found: Callback not supported.",
    "severity": "error",
    "sourceLocation": {
      "end": 206,
      "file": "contract.sol",
      "start": 114
    },
    "type": "ParserError"
  },
  {
    "component": "general",
    "errorCode": "6275",
    "formattedMessage": "ParserError: Source \"node_modules/@openzeppelin/contracts/access/Ownable2Step.sol\" not found: Callback not supported.\n --> contract.sol:4:1:\n  |\n4 | import {Ownable, Ownable2Step} from \"@openzeppelin/contracts/access/Ownable2Step.sol\";\n  | ^^^^^^^^^^^^^^^^^^^^^^^^^^^^^^^^^^^^^^^^^^^^^^^^^^^^^^^^^^^^^^^^^^^^^^^^^^^^^^^^^^^^^^\n\n",
    "message": "Source \"node_modules/@openzeppelin/contracts/access/Ownable2Step.sol\" not found: Callback not supported.",
    "severity": "error",
    "sourceLocation": {
      "end": 293,
      "file": "contract.sol",
      "start": 207
    },
    "type": "ParserError"
  },
  {
    "component": "general",
    "errorCode": "6275",
    "formattedMessage": "ParserError: Source \"node_modules/@openzeppelin/contracts/token/ERC721/ERC721.sol\" not found: Callback not supported.\n --> contract.sol:5:1:\n  |\n5 | import {ERC721 as ERC721OpenZeppelin} from \"@openzeppelin/contracts/token/ERC721/ERC721.sol\";\n  | ^^^^^^^^^^^^^^^^^^^^^^^^^^^^^^^^^^^^^^^^^^^^^^^^^^^^^^^^^^^^^^^^^^^^^^^^^^^^^^^^^^^^^^^^^^^^^\n\n",
    "message": "Source \"node_modules/@openzeppelin/contracts/token/ERC721/ERC721.sol\" not found: Callback not supported.",
    "severity": "error",
    "sourceLocation": {
      "end": 387,
      "file": "contract.sol",
      "start": 294
    },
    "type": "ParserError"
  },
  {
    "component": "general",
    "errorCode": "6275",
    "formattedMessage": "ParserError: Source \"node_modules/@openzeppelin/contracts/token/ERC721/IERC721.sol\" not found: Callback not supported.\n --> contract.sol:6:1:\n  |\n6 | import {IERC721} from \"@openzeppelin/contracts/token/ERC721/IERC721.sol\";\n  | ^^^^^^^^^^^^^^^^^^^^^^^^^^^^^^^^^^^^^^^^^^^^^^^^^^^^^^^^^^^^^^^^^^^^^^^^^\n\n",
    "message": "Source \"node_modules/@openzeppelin/contracts/token/ERC721/IERC721.sol\" not found: Callback not supported.",
    "severity": "error",
    "sourceLocation": {
      "end": 461,
      "file": "contract.sol",
      "start": 388
    },
    "type": "ParserError"
  },
  {
    "component": "general",
    "errorCode": "6275",
    "formattedMessage": "ParserError: Source \"node_modules/@forma-dev/sdk/contracts/metadata/TokenMetadataReader.sol\" not found: Callback not supported.\n --> contract.sol:7:1:\n  |\n7 | import {TokenMetadataReader} from \"@forma-dev/sdk/contracts/metadata/TokenMetadataReader.sol\";\n  | ^^^^^^^^^^^^^^^^^^^^^^^^^^^^^^^^^^^^^^^^^^^^^^^^^^^^^^^^^^^^^^^^^^^^^^^^^^^^^^^^^^^^^^^^^^^^^^\n\n",
    "message": "Source \"node_modules/@forma-dev/sdk/contracts/metadata/TokenMetadataReader.sol\" not found: Callback not supported.",
    "severity": "error",
    "sourceLocation": {
      "end": 556,
      "file": "contract.sol",
      "start": 462
    },
    "type": "ParserError"
  },
  {
    "component": "general",
    "errorCode": "6275",
    "formattedMessage": "ParserError: Source \"node_modules/@forma-dev/sdk/contracts/metadata/TokenMetadataEditor.sol\" not found: Callback not supported.\n --> contract.sol:8:1:\n  |\n8 | import {TokenMetadataEditor} from \"@forma-dev/sdk/contracts/metadata/TokenMetadataEditor.sol\";\n  | ^^^^^^^^^^^^^^^^^^^^^^^^^^^^^^^^^^^^^^^^^^^^^^^^^^^^^^^^^^^^^^^^^^^^^^^^^^^^^^^^^^^^^^^^^^^^^^\n\n",
    "message": "Source \"node_modules/@forma-dev/sdk/contracts/metadata/TokenMetadataEditor.sol\" not found: Callback not supported.",
    "severity": "error",
    "sourceLocation": {
      "end": 651,
      "file": "contract.sol",
      "start": 557
    },
    "type": "ParserError"
  },
  {
    "component": "general",
    "errorCode": "6275",
    "formattedMessage": "ParserError: Source \"node_modules/@forma-dev/sdk/contracts/utils/Strings.sol\" not found: Callback not supported.\n --> contract.sol:9:1:\n  |\n9 | import {Strings} from \"@forma-dev/sdk/contracts/utils/Strings.sol\";\n  | ^^^^^^^^^^^^^^^^^^^^^^^^^^^^^^^^^^^^^^^^^^^^^^^^^^^^^^^^^^^^^^^^^^^\n\n",
    "message": "Source \"node_modules/@forma-dev/sdk/contracts/utils/Strings.sol\" not found: Callback not supported.",
    "severity": "error",
    "sourceLocation": {
      "end": 719,
      "file": "contract.sol",
      "start": 652
    },
    "type": "ParserError"
  },
  {
    "component": "general",
    "errorCode": "6275",
    "formattedMessage": "ParserError: Source \"node_modules/@forma-dev/sdk/contracts/utils/Base64.sol\" not found: Callback not supported.\n  --> contract.sol:10:1:\n   |\n10 | import {Base64} from \"@forma-dev/sdk/contracts/utils/Base64.sol\";\n   | ^^^^^^^^^^^^^^^^^^^^^^^^^^^^^^^^^^^^^^^^^^^^^^^^^^^^^^^^^^^^^^^^^\n\n",
    "message": "Source \"node_modules/@forma-dev/sdk/contracts/utils/Base64.sol\" not found: Callback not supported.",
    "severity": "error",
    "sourceLocation": {
      "end": 785,
      "file": "contract.sol",
      "start": 720
    },
    "type": "ParserError"
  }
] {
  "service": "nft-service"
}
2025-03-03 11:34:02 [error]: Precompilation error: Compilation errors: [
  {
    "component": "general",
    "errorCode": "6275",
    "formattedMessage": "ParserError: Source \"node_modules/@forma-dev/sdk/contracts/metadata/ContractMetadata.sol\" not found: Callback not supported.\n --> contract.sol:2:1:\n  |\n2 | import {ContractMetadata} from \"@forma-dev/sdk/contracts/metadata/ContractMetadata.sol\";\n  | ^^^^^^^^^^^^^^^^^^^^^^^^^^^^^^^^^^^^^^^^^^^^^^^^^^^^^^^^^^^^^^^^^^^^^^^^^^^^^^^^^^^^^^^^\n\n",
    "message": "Source \"node_modules/@forma-dev/sdk/contracts/metadata/ContractMetadata.sol\" not found: Callback not supported.",
    "severity": "error",
    "sourceLocation": {
      "end": 113,
      "file": "contract.sol",
      "start": 25
    },
    "type": "ParserError"
  },
  {
    "component": "general",
    "errorCode": "6275",
    "formattedMessage": "ParserError: Source \"node_modules/@forma-dev/sdk/contracts/token/ERC721/ERC721Cementable.sol\" not found: Callback not supported.\n --> contract.sol:3:1:\n  |\n3 | import {ERC721Cementable} from \"@forma-dev/sdk/contracts/token/ERC721/ERC721Cementable.sol\";\n  | ^^^^^^^^^^^^^^^^^^^^^^^^^^^^^^^^^^^^^^^^^^^^^^^^^^^^^^^^^^^^^^^^^^^^^^^^^^^^^^^^^^^^^^^^^^^^\n\n",
    "message": "Source \"node_modules/@forma-dev/sdk/contracts/token/ERC721/ERC721Cementable.sol\" not found: Callback not supported.",
    "severity": "error",
    "sourceLocation": {
      "end": 206,
      "file": "contract.sol",
      "start": 114
    },
    "type": "ParserError"
  },
  {
    "component": "general",
    "errorCode": "6275",
    "formattedMessage": "ParserError: Source \"node_modules/@openzeppelin/contracts/access/Ownable2Step.sol\" not found: Callback not supported.\n --> contract.sol:4:1:\n  |\n4 | import {Ownable, Ownable2Step} from \"@openzeppelin/contracts/access/Ownable2Step.sol\";\n  | ^^^^^^^^^^^^^^^^^^^^^^^^^^^^^^^^^^^^^^^^^^^^^^^^^^^^^^^^^^^^^^^^^^^^^^^^^^^^^^^^^^^^^^\n\n",
    "message": "Source \"node_modules/@openzeppelin/contracts/access/Ownable2Step.sol\" not found: Callback not supported.",
    "severity": "error",
    "sourceLocation": {
      "end": 293,
      "file": "contract.sol",
      "start": 207
    },
    "type": "ParserError"
  },
  {
    "component": "general",
    "errorCode": "6275",
    "formattedMessage": "ParserError: Source \"node_modules/@openzeppelin/contracts/token/ERC721/ERC721.sol\" not found: Callback not supported.\n --> contract.sol:5:1:\n  |\n5 | import {ERC721 as ERC721OpenZeppelin} from \"@openzeppelin/contracts/token/ERC721/ERC721.sol\";\n  | ^^^^^^^^^^^^^^^^^^^^^^^^^^^^^^^^^^^^^^^^^^^^^^^^^^^^^^^^^^^^^^^^^^^^^^^^^^^^^^^^^^^^^^^^^^^^^\n\n",
    "message": "Source \"node_modules/@openzeppelin/contracts/token/ERC721/ERC721.sol\" not found: Callback not supported.",
    "severity": "error",
    "sourceLocation": {
      "end": 387,
      "file": "contract.sol",
      "start": 294
    },
    "type": "ParserError"
  },
  {
    "component": "general",
    "errorCode": "6275",
    "formattedMessage": "ParserError: Source \"node_modules/@openzeppelin/contracts/token/ERC721/IERC721.sol\" not found: Callback not supported.\n --> contract.sol:6:1:\n  |\n6 | import {IERC721} from \"@openzeppelin/contracts/token/ERC721/IERC721.sol\";\n  | ^^^^^^^^^^^^^^^^^^^^^^^^^^^^^^^^^^^^^^^^^^^^^^^^^^^^^^^^^^^^^^^^^^^^^^^^^\n\n",
    "message": "Source \"node_modules/@openzeppelin/contracts/token/ERC721/IERC721.sol\" not found: Callback not supported.",
    "severity": "error",
    "sourceLocation": {
      "end": 461,
      "file": "contract.sol",
      "start": 388
    },
    "type": "ParserError"
  },
  {
    "component": "general",
    "errorCode": "6275",
    "formattedMessage": "ParserError: Source \"node_modules/@forma-dev/sdk/contracts/metadata/TokenMetadataReader.sol\" not found: Callback not supported.\n --> contract.sol:7:1:\n  |\n7 | import {TokenMetadataReader} from \"@forma-dev/sdk/contracts/metadata/TokenMetadataReader.sol\";\n  | ^^^^^^^^^^^^^^^^^^^^^^^^^^^^^^^^^^^^^^^^^^^^^^^^^^^^^^^^^^^^^^^^^^^^^^^^^^^^^^^^^^^^^^^^^^^^^^\n\n",
    "message": "Source \"node_modules/@forma-dev/sdk/contracts/metadata/TokenMetadataReader.sol\" not found: Callback not supported.",
    "severity": "error",
    "sourceLocation": {
      "end": 556,
      "file": "contract.sol",
      "start": 462
    },
    "type": "ParserError"
  },
  {
    "component": "general",
    "errorCode": "6275",
    "formattedMessage": "ParserError: Source \"node_modules/@forma-dev/sdk/contracts/metadata/TokenMetadataEditor.sol\" not found: Callback not supported.\n --> contract.sol:8:1:\n  |\n8 | import {TokenMetadataEditor} from \"@forma-dev/sdk/contracts/metadata/TokenMetadataEditor.sol\";\n  | ^^^^^^^^^^^^^^^^^^^^^^^^^^^^^^^^^^^^^^^^^^^^^^^^^^^^^^^^^^^^^^^^^^^^^^^^^^^^^^^^^^^^^^^^^^^^^^\n\n",
    "message": "Source \"node_modules/@forma-dev/sdk/contracts/metadata/TokenMetadataEditor.sol\" not found: Callback not supported.",
    "severity": "error",
    "sourceLocation": {
      "end": 651,
      "file": "contract.sol",
      "start": 557
    },
    "type": "ParserError"
  },
  {
    "component": "general",
    "errorCode": "6275",
    "formattedMessage": "ParserError: Source \"node_modules/@forma-dev/sdk/contracts/utils/Strings.sol\" not found: Callback not supported.\n --> contract.sol:9:1:\n  |\n9 | import {Strings} from \"@forma-dev/sdk/contracts/utils/Strings.sol\";\n  | ^^^^^^^^^^^^^^^^^^^^^^^^^^^^^^^^^^^^^^^^^^^^^^^^^^^^^^^^^^^^^^^^^^^\n\n",
    "message": "Source \"node_modules/@forma-dev/sdk/contracts/utils/Strings.sol\" not found: Callback not supported.",
    "severity": "error",
    "sourceLocation": {
      "end": 719,
      "file": "contract.sol",
      "start": 652
    },
    "type": "ParserError"
  },
  {
    "component": "general",
    "errorCode": "6275",
    "formattedMessage": "ParserError: Source \"node_modules/@forma-dev/sdk/contracts/utils/Base64.sol\" not found: Callback not supported.\n  --> contract.sol:10:1:\n   |\n10 | import {Base64} from \"@forma-dev/sdk/contracts/utils/Base64.sol\";\n   | ^^^^^^^^^^^^^^^^^^^^^^^^^^^^^^^^^^^^^^^^^^^^^^^^^^^^^^^^^^^^^^^^^\n\n",
    "message": "Source \"node_modules/@forma-dev/sdk/contracts/utils/Base64.sol\" not found: Callback not supported.",
    "severity": "error",
    "sourceLocation": {
      "end": 785,
      "file": "contract.sol",
      "start": 720
    },
    "type": "ParserError"
  }
] {
  "service": "nft-service"
}
2025-03-03 11:34:38 [error]: Precompilation error: Compilation errors: [
  {
    "component": "general",
    "errorCode": "6275",
    "formattedMessage": "ParserError: Source \"node_modules/@forma-dev/sdk/contracts/metadata/ContractMetadata.sol\" not found: Callback not supported.\n --> contract.sol:2:1:\n  |\n2 | import {ContractMetadata} from \"@forma-dev/sdk/contracts/metadata/ContractMetadata.sol\";\n  | ^^^^^^^^^^^^^^^^^^^^^^^^^^^^^^^^^^^^^^^^^^^^^^^^^^^^^^^^^^^^^^^^^^^^^^^^^^^^^^^^^^^^^^^^\n\n",
    "message": "Source \"node_modules/@forma-dev/sdk/contracts/metadata/ContractMetadata.sol\" not found: Callback not supported.",
    "severity": "error",
    "sourceLocation": {
      "end": 113,
      "file": "contract.sol",
      "start": 25
    },
    "type": "ParserError"
  },
  {
    "component": "general",
    "errorCode": "6275",
    "formattedMessage": "ParserError: Source \"node_modules/@forma-dev/sdk/contracts/token/ERC721/ERC721Cementable.sol\" not found: Callback not supported.\n --> contract.sol:3:1:\n  |\n3 | import {ERC721Cementable} from \"@forma-dev/sdk/contracts/token/ERC721/ERC721Cementable.sol\";\n  | ^^^^^^^^^^^^^^^^^^^^^^^^^^^^^^^^^^^^^^^^^^^^^^^^^^^^^^^^^^^^^^^^^^^^^^^^^^^^^^^^^^^^^^^^^^^^\n\n",
    "message": "Source \"node_modules/@forma-dev/sdk/contracts/token/ERC721/ERC721Cementable.sol\" not found: Callback not supported.",
    "severity": "error",
    "sourceLocation": {
      "end": 206,
      "file": "contract.sol",
      "start": 114
    },
    "type": "ParserError"
  },
  {
    "component": "general",
    "errorCode": "6275",
    "formattedMessage": "ParserError: Source \"node_modules/@openzeppelin/contracts/access/Ownable2Step.sol\" not found: Callback not supported.\n --> contract.sol:4:1:\n  |\n4 | import {Ownable, Ownable2Step} from \"@openzeppelin/contracts/access/Ownable2Step.sol\";\n  | ^^^^^^^^^^^^^^^^^^^^^^^^^^^^^^^^^^^^^^^^^^^^^^^^^^^^^^^^^^^^^^^^^^^^^^^^^^^^^^^^^^^^^^\n\n",
    "message": "Source \"node_modules/@openzeppelin/contracts/access/Ownable2Step.sol\" not found: Callback not supported.",
    "severity": "error",
    "sourceLocation": {
      "end": 293,
      "file": "contract.sol",
      "start": 207
    },
    "type": "ParserError"
  },
  {
    "component": "general",
    "errorCode": "6275",
    "formattedMessage": "ParserError: Source \"node_modules/@openzeppelin/contracts/token/ERC721/ERC721.sol\" not found: Callback not supported.\n --> contract.sol:5:1:\n  |\n5 | import {ERC721 as ERC721OpenZeppelin} from \"@openzeppelin/contracts/token/ERC721/ERC721.sol\";\n  | ^^^^^^^^^^^^^^^^^^^^^^^^^^^^^^^^^^^^^^^^^^^^^^^^^^^^^^^^^^^^^^^^^^^^^^^^^^^^^^^^^^^^^^^^^^^^^\n\n",
    "message": "Source \"node_modules/@openzeppelin/contracts/token/ERC721/ERC721.sol\" not found: Callback not supported.",
    "severity": "error",
    "sourceLocation": {
      "end": 387,
      "file": "contract.sol",
      "start": 294
    },
    "type": "ParserError"
  },
  {
    "component": "general",
    "errorCode": "6275",
    "formattedMessage": "ParserError: Source \"node_modules/@openzeppelin/contracts/token/ERC721/IERC721.sol\" not found: Callback not supported.\n --> contract.sol:6:1:\n  |\n6 | import {IERC721} from \"@openzeppelin/contracts/token/ERC721/IERC721.sol\";\n  | ^^^^^^^^^^^^^^^^^^^^^^^^^^^^^^^^^^^^^^^^^^^^^^^^^^^^^^^^^^^^^^^^^^^^^^^^^\n\n",
    "message": "Source \"node_modules/@openzeppelin/contracts/token/ERC721/IERC721.sol\" not found: Callback not supported.",
    "severity": "error",
    "sourceLocation": {
      "end": 461,
      "file": "contract.sol",
      "start": 388
    },
    "type": "ParserError"
  },
  {
    "component": "general",
    "errorCode": "6275",
    "formattedMessage": "ParserError: Source \"node_modules/@forma-dev/sdk/contracts/metadata/TokenMetadataReader.sol\" not found: Callback not supported.\n --> contract.sol:7:1:\n  |\n7 | import {TokenMetadataReader} from \"@forma-dev/sdk/contracts/metadata/TokenMetadataReader.sol\";\n  | ^^^^^^^^^^^^^^^^^^^^^^^^^^^^^^^^^^^^^^^^^^^^^^^^^^^^^^^^^^^^^^^^^^^^^^^^^^^^^^^^^^^^^^^^^^^^^^\n\n",
    "message": "Source \"node_modules/@forma-dev/sdk/contracts/metadata/TokenMetadataReader.sol\" not found: Callback not supported.",
    "severity": "error",
    "sourceLocation": {
      "end": 556,
      "file": "contract.sol",
      "start": 462
    },
    "type": "ParserError"
  },
  {
    "component": "general",
    "errorCode": "6275",
    "formattedMessage": "ParserError: Source \"node_modules/@forma-dev/sdk/contracts/metadata/TokenMetadataEditor.sol\" not found: Callback not supported.\n --> contract.sol:8:1:\n  |\n8 | import {TokenMetadataEditor} from \"@forma-dev/sdk/contracts/metadata/TokenMetadataEditor.sol\";\n  | ^^^^^^^^^^^^^^^^^^^^^^^^^^^^^^^^^^^^^^^^^^^^^^^^^^^^^^^^^^^^^^^^^^^^^^^^^^^^^^^^^^^^^^^^^^^^^^\n\n",
    "message": "Source \"node_modules/@forma-dev/sdk/contracts/metadata/TokenMetadataEditor.sol\" not found: Callback not supported.",
    "severity": "error",
    "sourceLocation": {
      "end": 651,
      "file": "contract.sol",
      "start": 557
    },
    "type": "ParserError"
  },
  {
    "component": "general",
    "errorCode": "6275",
    "formattedMessage": "ParserError: Source \"node_modules/@forma-dev/sdk/contracts/utils/Strings.sol\" not found: Callback not supported.\n --> contract.sol:9:1:\n  |\n9 | import {Strings} from \"@forma-dev/sdk/contracts/utils/Strings.sol\";\n  | ^^^^^^^^^^^^^^^^^^^^^^^^^^^^^^^^^^^^^^^^^^^^^^^^^^^^^^^^^^^^^^^^^^^\n\n",
    "message": "Source \"node_modules/@forma-dev/sdk/contracts/utils/Strings.sol\" not found: Callback not supported.",
    "severity": "error",
    "sourceLocation": {
      "end": 719,
      "file": "contract.sol",
      "start": 652
    },
    "type": "ParserError"
  },
  {
    "component": "general",
    "errorCode": "6275",
    "formattedMessage": "ParserError: Source \"node_modules/@forma-dev/sdk/contracts/utils/Base64.sol\" not found: Callback not supported.\n  --> contract.sol:10:1:\n   |\n10 | import {Base64} from \"@forma-dev/sdk/contracts/utils/Base64.sol\";\n   | ^^^^^^^^^^^^^^^^^^^^^^^^^^^^^^^^^^^^^^^^^^^^^^^^^^^^^^^^^^^^^^^^^\n\n",
    "message": "Source \"node_modules/@forma-dev/sdk/contracts/utils/Base64.sol\" not found: Callback not supported.",
    "severity": "error",
    "sourceLocation": {
      "end": 785,
      "file": "contract.sol",
      "start": 720
    },
    "type": "ParserError"
  }
] {
  "service": "nft-service"
}
2025-03-03 11:34:42 [error]: Precompilation error: Compilation errors: [
  {
    "component": "general",
    "errorCode": "6275",
    "formattedMessage": "ParserError: Source \"node_modules/@forma-dev/sdk/contracts/metadata/ContractMetadata.sol\" not found: Callback not supported.\n --> contract.sol:2:1:\n  |\n2 | import {ContractMetadata} from \"@forma-dev/sdk/contracts/metadata/ContractMetadata.sol\";\n  | ^^^^^^^^^^^^^^^^^^^^^^^^^^^^^^^^^^^^^^^^^^^^^^^^^^^^^^^^^^^^^^^^^^^^^^^^^^^^^^^^^^^^^^^^\n\n",
    "message": "Source \"node_modules/@forma-dev/sdk/contracts/metadata/ContractMetadata.sol\" not found: Callback not supported.",
    "severity": "error",
    "sourceLocation": {
      "end": 113,
      "file": "contract.sol",
      "start": 25
    },
    "type": "ParserError"
  },
  {
    "component": "general",
    "errorCode": "6275",
    "formattedMessage": "ParserError: Source \"node_modules/@forma-dev/sdk/contracts/token/ERC721/ERC721Cementable.sol\" not found: Callback not supported.\n --> contract.sol:3:1:\n  |\n3 | import {ERC721Cementable} from \"@forma-dev/sdk/contracts/token/ERC721/ERC721Cementable.sol\";\n  | ^^^^^^^^^^^^^^^^^^^^^^^^^^^^^^^^^^^^^^^^^^^^^^^^^^^^^^^^^^^^^^^^^^^^^^^^^^^^^^^^^^^^^^^^^^^^\n\n",
    "message": "Source \"node_modules/@forma-dev/sdk/contracts/token/ERC721/ERC721Cementable.sol\" not found: Callback not supported.",
    "severity": "error",
    "sourceLocation": {
      "end": 206,
      "file": "contract.sol",
      "start": 114
    },
    "type": "ParserError"
  },
  {
    "component": "general",
    "errorCode": "6275",
    "formattedMessage": "ParserError: Source \"node_modules/@openzeppelin/contracts/access/Ownable2Step.sol\" not found: Callback not supported.\n --> contract.sol:4:1:\n  |\n4 | import {Ownable, Ownable2Step} from \"@openzeppelin/contracts/access/Ownable2Step.sol\";\n  | ^^^^^^^^^^^^^^^^^^^^^^^^^^^^^^^^^^^^^^^^^^^^^^^^^^^^^^^^^^^^^^^^^^^^^^^^^^^^^^^^^^^^^^\n\n",
    "message": "Source \"node_modules/@openzeppelin/contracts/access/Ownable2Step.sol\" not found: Callback not supported.",
    "severity": "error",
    "sourceLocation": {
      "end": 293,
      "file": "contract.sol",
      "start": 207
    },
    "type": "ParserError"
  },
  {
    "component": "general",
    "errorCode": "6275",
    "formattedMessage": "ParserError: Source \"node_modules/@openzeppelin/contracts/token/ERC721/ERC721.sol\" not found: Callback not supported.\n --> contract.sol:5:1:\n  |\n5 | import {ERC721 as ERC721OpenZeppelin} from \"@openzeppelin/contracts/token/ERC721/ERC721.sol\";\n  | ^^^^^^^^^^^^^^^^^^^^^^^^^^^^^^^^^^^^^^^^^^^^^^^^^^^^^^^^^^^^^^^^^^^^^^^^^^^^^^^^^^^^^^^^^^^^^\n\n",
    "message": "Source \"node_modules/@openzeppelin/contracts/token/ERC721/ERC721.sol\" not found: Callback not supported.",
    "severity": "error",
    "sourceLocation": {
      "end": 387,
      "file": "contract.sol",
      "start": 294
    },
    "type": "ParserError"
  },
  {
    "component": "general",
    "errorCode": "6275",
    "formattedMessage": "ParserError: Source \"node_modules/@openzeppelin/contracts/token/ERC721/IERC721.sol\" not found: Callback not supported.\n --> contract.sol:6:1:\n  |\n6 | import {IERC721} from \"@openzeppelin/contracts/token/ERC721/IERC721.sol\";\n  | ^^^^^^^^^^^^^^^^^^^^^^^^^^^^^^^^^^^^^^^^^^^^^^^^^^^^^^^^^^^^^^^^^^^^^^^^^\n\n",
    "message": "Source \"node_modules/@openzeppelin/contracts/token/ERC721/IERC721.sol\" not found: Callback not supported.",
    "severity": "error",
    "sourceLocation": {
      "end": 461,
      "file": "contract.sol",
      "start": 388
    },
    "type": "ParserError"
  },
  {
    "component": "general",
    "errorCode": "6275",
    "formattedMessage": "ParserError: Source \"node_modules/@forma-dev/sdk/contracts/metadata/TokenMetadataReader.sol\" not found: Callback not supported.\n --> contract.sol:7:1:\n  |\n7 | import {TokenMetadataReader} from \"@forma-dev/sdk/contracts/metadata/TokenMetadataReader.sol\";\n  | ^^^^^^^^^^^^^^^^^^^^^^^^^^^^^^^^^^^^^^^^^^^^^^^^^^^^^^^^^^^^^^^^^^^^^^^^^^^^^^^^^^^^^^^^^^^^^^\n\n",
    "message": "Source \"node_modules/@forma-dev/sdk/contracts/metadata/TokenMetadataReader.sol\" not found: Callback not supported.",
    "severity": "error",
    "sourceLocation": {
      "end": 556,
      "file": "contract.sol",
      "start": 462
    },
    "type": "ParserError"
  },
  {
    "component": "general",
    "errorCode": "6275",
    "formattedMessage": "ParserError: Source \"node_modules/@forma-dev/sdk/contracts/metadata/TokenMetadataEditor.sol\" not found: Callback not supported.\n --> contract.sol:8:1:\n  |\n8 | import {TokenMetadataEditor} from \"@forma-dev/sdk/contracts/metadata/TokenMetadataEditor.sol\";\n  | ^^^^^^^^^^^^^^^^^^^^^^^^^^^^^^^^^^^^^^^^^^^^^^^^^^^^^^^^^^^^^^^^^^^^^^^^^^^^^^^^^^^^^^^^^^^^^^\n\n",
    "message": "Source \"node_modules/@forma-dev/sdk/contracts/metadata/TokenMetadataEditor.sol\" not found: Callback not supported.",
    "severity": "error",
    "sourceLocation": {
      "end": 651,
      "file": "contract.sol",
      "start": 557
    },
    "type": "ParserError"
  },
  {
    "component": "general",
    "errorCode": "6275",
    "formattedMessage": "ParserError: Source \"node_modules/@forma-dev/sdk/contracts/utils/Strings.sol\" not found: Callback not supported.\n --> contract.sol:9:1:\n  |\n9 | import {Strings} from \"@forma-dev/sdk/contracts/utils/Strings.sol\";\n  | ^^^^^^^^^^^^^^^^^^^^^^^^^^^^^^^^^^^^^^^^^^^^^^^^^^^^^^^^^^^^^^^^^^^\n\n",
    "message": "Source \"node_modules/@forma-dev/sdk/contracts/utils/Strings.sol\" not found: Callback not supported.",
    "severity": "error",
    "sourceLocation": {
      "end": 719,
      "file": "contract.sol",
      "start": 652
    },
    "type": "ParserError"
  },
  {
    "component": "general",
    "errorCode": "6275",
    "formattedMessage": "ParserError: Source \"node_modules/@forma-dev/sdk/contracts/utils/Base64.sol\" not found: Callback not supported.\n  --> contract.sol:10:1:\n   |\n10 | import {Base64} from \"@forma-dev/sdk/contracts/utils/Base64.sol\";\n   | ^^^^^^^^^^^^^^^^^^^^^^^^^^^^^^^^^^^^^^^^^^^^^^^^^^^^^^^^^^^^^^^^^\n\n",
    "message": "Source \"node_modules/@forma-dev/sdk/contracts/utils/Base64.sol\" not found: Callback not supported.",
    "severity": "error",
    "sourceLocation": {
      "end": 785,
      "file": "contract.sol",
      "start": 720
    },
    "type": "ParserError"
  }
] {
  "service": "nft-service"
}
2025-03-03 20:11:17 [info]: Server running on port 1337 {
  "service": "nft-service"
}
2025-03-03 21:02:57 [info]: Server running on port 1337 {
  "service": "nft-service"
}
2025-03-03 22:10:37 [info]: Server running on port 1337 {
  "service": "nft-service"
}
2025-03-03 22:12:17 [info]: Server running on port 1337 {
  "service": "nft-service"
}
2025-03-04 01:26:44 [info]: Server running on port 1337 {
  "service": "nft-service"
}
2025-03-04 22:58:43 [info]: Server running on port 1337 {
  "service": "nft-service"
}
2025-03-05 05:25:55 [info]: Server running on port 1337 {
  "service": "nft-service"
}
2025-03-05 05:26:06 [info]: Server running on port 1337 {
  "service": "nft-service"
}
2025-03-05 05:27:19 [info]: Server running on port 1337 {
  "service": "nft-service"
}
2025-03-05 05:27:44 [info]: Server running on port 1337 {
  "service": "nft-service"
}
2025-03-05 05:31:09 [info]: Server running on port 1337 {
  "service": "nft-service"
}
2025-03-05 05:31:20 [info]: Server running on port 1337 {
  "service": "nft-service"
}
2025-03-05 05:39:36 [info]: Server running on port 1337 {
  "service": "nft-service"
}
2025-03-05 05:44:25 [info]: Server running on port 1337 {
  "service": "nft-service"
}
2025-03-05 05:52:01 [info]: Server running on port 1337 {
  "service": "nft-service"
}
2025-03-05 05:55:44 [info]: Server running on port 1337 {
  "service": "nft-service"
}
2025-03-05 05:56:12 [info]: Server running on port 1337 {
  "service": "nft-service"
}
2025-03-05 05:57:38 [info]: Server running on port 1337 {
  "service": "nft-service"
}
2025-03-05 06:35:48 [info]: Server running on port 1337 {
  "service": "nft-service"
}
2025-03-05 06:37:56 [info]: Server running on port 1337 {
  "service": "nft-service"
}
2025-03-05 06:38:16 [info]: Server running on port 1337 {
  "service": "nft-service"
}
2025-03-05 06:41:14 [info]: Server running on port 1337 {
  "service": "nft-service"
}
2025-03-05 06:50:03 [info]: Server running on port 1337 {
  "service": "nft-service"
}
2025-03-05 06:50:20 [info]: Server running on port 1337 {
  "service": "nft-service"
}
2025-03-05 06:53:08 [info]: Server running on port 1337 {
  "service": "nft-service"
}
2025-03-05 06:53:17 [info]: Server running on port 1337 {
  "service": "nft-service"
}
2025-03-05 06:56:17 [info]: Server running on port 1337 {
  "service": "nft-service"
}
2025-03-05 07:03:16 [info]: Server running on port 1337 {
  "service": "nft-service"
}
2025-03-05 07:03:54 [info]: Server running on port 1337 {
  "service": "nft-service"
}
2025-03-05 07:04:57 [info]: Server running on port 1337 {
  "service": "nft-service"
}
